Errors for Brill Tagger 'rules.yaml'

             left context |    word/test->gold     | right context
--------------------------+------------------------+--------------------------
art/NN ,/, this/DT may/MD |    reflect/VBP->VB     | the/DT fact/NN that/IN `/
reflect/VB the/DT fact/NN |      that/WDT->IN      | `/`` she/PRP speaks/VBZ a
 speaks/VBZ a/DT more/JJR |   progressive/NN->JJ   | language/NN '/'' than/IN 
as/IN Columbia/NNP 's/POS |      Prof/NN->NNP      | ./. -LCB-/-LRB- Ethel/NNP
 Prof/NNP ./. -LCB-/-LRB- |     Ethel/NN->NNP      | -RCB-/-RRB- Klein/NNP put
RB- Ethel/NNP -RCB-/-RRB- |     Klein/NN->NNP      | puts/VBZ it/PRP ./.
NNP -RCB-/-RRB- Klein/NNP |      puts/NN->VBZ      | it/PRP ./.
                 Among/IN | professionals/NN->NNS  | ,/, 76/CD %/NN have/VBP a
 76/CD %/NN have/VBP a/DT |    favorable/NN->JJ    | opinion/NN of/IN her/PRP$
N to/TO 62/CD %/NN who/WP |   *T*-248/NN->-NONE-   | approve/VBP of/IN her/PRP
quarter/NN of/IN black/JJ |     voters/NN->NNS     | disapprove/VBP of/IN Mr./
of/IN black/JJ voters/NNS |   disapprove/NN->VBP   | of/IN Mr./NNP Bush/NNP 's
    The/DT statistics/NNS |     imply/NN->VBP      | that/IN three-quarters/NN
 statistics/NNS imply/VBP |      that/WDT->IN      | three-quarters/NNS of/IN 
ics/NNS imply/VBP that/IN | three-quarters/NN->NNS | of/IN blacks/NNS approve/
ters/NNS of/IN blacks/NNS |    approve/VB->VBP     | of/IN Mr./NNP Bush/NNP 's
/CD %/NN of/IN blacks/NNS |    approve/VB->VBP     | of/IN Mrs./NNP Bush/NNP .
 and/CC Mrs./NNP Bush/NNP |   distasteful/NN->JJ   | ,/, the/DT positive/JJ vi
JJ view/NN is/VBZ even/RB |     more/JJR->RBR      | newsworthy/JJ ./.
N is/VBZ even/RB more/RBR |   newsworthy/NN->JJ    | ./.
                          |      Such/JJ->PDT      | an/DT editorial/NN point/
NN point/NN of/IN view/NN |  perpetuates/NN->VBZ   | an/DT insidious/JJ ,/, st
/NN perpetuates/VBZ an/DT |    insidious/NN->JJ    | ,/, stereotyped/JJ perspe
BZ an/DT insidious/JJ ,/, |   stereotyped/NN->JJ   | perspective/NN ./.
blacks/NNS continually/RB |    defined/NN->VBN     | *-1/-NONE- by/IN our/PRP$
                          |    Preston/NN->NNP     | G./NNP Foster/NNP Birming
ton/NNP G./NNP Foster/NNP |   Birmingham/NN->NNP   | ,/, Ala/NNP ./.
er/NNP Birmingham/NNP ,/, |      Ala/NN->NNP       | ./.
NNP Association/NNP of/IN |  Securities/NNP->NNPS  | Dealers/NNPS ,/, the/DT s
S Dealers/NNPS ,/, the/DT | self-regulatory/NN->JJ | organization/NN for/IN th
ities/NNS markets/NNS ,/, |  disciplined/NN->VBD   | a/DT number/NN of/IN firm
Two/CD firms/NNS were/VBD |    expelled/NN->VBN    | *-150/-NONE- from/IN the/
NNS were/VBD expelled/VBN |    *-150/NN->-NONE-    | from/IN the/DT NASD/NNP ,
150/-NONE- from/IN the/DT |      NASD/NN->NNP      | ,/, three/CD were/VBD sus
NNP ,/, three/CD were/VBD |   suspended/VBD->VBN   | or/CC barred/VBN *-1/-NON
- and/CC nine/CD were/VBD |     fined/NN->VBN      | *-151/-NONE- ./.
ine/CD were/VBD fined/VBN |    *-151/NN->-NONE-    | ./.
                First/NNP |  Securities/NNP->NNPS  | Group/NNP of/IN Californi
alifornia/NNP and/CC a/DT |    principal/JJ->NN    | of/IN the/DT firm/NN ,/, 
/DT firm/NN ,/, Louis/NNP |    Fernando/NN->NNP    | Vargas/NNP of/IN Marina/N
/, Louis/NNP Fernando/NNP |     Vargas/NN->NNP     | of/IN Marina/NNP del/DT R
ando/NNP Vargas/NNP of/IN |     Marina/NN->NNP     | del/DT Rey/NNP ,/, Calif.
rgas/NNP of/IN Marina/NNP |       del/NN->DT       | Rey/NNP ,/, Calif./NNP ,/
P of/IN Marina/NNP del/DT |      Rey/NN->NNP       | ,/, Calif./NNP ,/, were/V
P ,/, were/VBD jointly/RB |     fined/NN->VBN      | *-1/-NONE- $/$ 15,000/CD 
,000/CD *U*/-NONE- and/CC |    expelled/NN->VBD    | *-1/-NONE- for/IN alleged
led/VBD *-1/-NONE- for/IN |    alleged/JJ->VBN     | violations/NNS of/IN repo
      Also/RB ,/, Mr./NNP |     Vargas/NN->NNP     | was/VBD barred/VBN *-152/
as/NNP was/VBD barred/VBN |    *-152/NN->-NONE-    | from/IN association/NN wi
ciation/NN with/IN any/DT |      NASD/NN->NNP      | member/NN ./.
ls/NNP ,/, nor/CC Mr./NNP |     Vargas/NN->NNP     | could/MD be/VB reached/VB
ould/MD be/VB reached/VBN |    *-153/NN->-NONE-    | for/IN comment/NN ./.
D no/DT listing/NN for/IN |     either/CC->DT      | party/NN ./.
                          |      J.L./NN->NNP      | Henry/NNP &/CC Co./NNP ,/
                 J.L./NNP |     Henry/NN->NNP      | &/CC Co./NNP ,/, Miami/NN
Miami/NNP ,/, and/CC a/DT |    principal/JJ->NN    | of/IN the/DT firm/NN ,/, 
 of/IN the/DT firm/NN ,/, |     Henry/NN->NNP      | I./NNP Otero/NNP of/IN Mi
/DT firm/NN ,/, Henry/NNP |       I./NN->NNP       | Otero/NNP of/IN Miami/NNP
m/NN ,/, Henry/NNP I./NNP |     Otero/NN->NNP      | of/IN Miami/NNP ,/, were/
P ,/, were/VBD jointly/RB |     fined/NN->VBN      | *-1/-NONE- $/$ 30,000/CD 
,000/CD *U*/-NONE- and/CC |    expelled/NN->VBN    | *-1/-NONE- ,/, for/IN all
NE- ,/, for/IN alleged/JJ |    improper/NN->JJ     | use/NN of/IN a/DT custome
IN alleged/JJ improper/JJ |       use/VB->NN       | of/IN a/DT customer/NN 's
      Also/RB ,/, Mr./NNP |     Otero/NN->NNP      | was/VBD barred/VBN *-154/
ro/NNP was/VBD barred/VBN |    *-154/NN->-NONE-    | from/IN association/NN wi
ciation/NN with/IN any/DT |      NASD/NN->NNP      | member/NN ./.
                          |      J.L./NN->NNP      | Henry/NNP has/VBZ n't/RB 
                 J.L./NNP |     Henry/NN->NNP      | has/VBZ n't/RB any/DT Mia
                  Mr./NNP |     Otero/NN->NNP      | ,/, who/WP *T*-249/-NONE-
/NNP Otero/NNP ,/, who/WP |   *T*-249/NN->-NONE-   | apparently/RB has/VBZ an/
parently/RB has/VBZ an/DT |   unpublished/NN->JJ   | number/NN ,/, also/RB cou
 n't/RB be/VB reached/VBN |    *-155/NN->-NONE-    | ./.
                          |    Biscayne/NN->NNP    | Securities/NNP Corp./NNP 
s/NNP Corp./NNP ,/, of/IN |   Lauderhill/NN->NNP   | ,/, Fla./NNP ,/, and/CC a
 Fla./NNP ,/, and/CC a/DT |    principal/JJ->NN    | of/IN the/DT firm/NN ,/, 
/DT firm/NN ,/, Alvin/NNP |   Rosenblum/NN->NNP    | of/IN Plantation/NNP ,/, 
n/NNP Rosenblum/NNP of/IN |   Plantation/NN->NNP   | ,/, Fla./NNP ,/, were/VBD
P ,/, were/VBD jointly/RB |     fined/NN->VBN      | *-1/-NONE- $/$ 20,000/CD 
d/CC given/VBN *-1/-NONE- |     10-day/NN->JJ      | suspensions/NNS for/IN */
/VBN *-1/-NONE- 10-day/JJ |  suspensions/NN->NNS   | for/IN */-NONE- allegedly
                          |    Biscayne/NN->NNP    | has/VBZ n't/RB any/DT tel
                  Mr./NNP |   Rosenblum/NN->NNP    | ,/, who/WP *T*-250/-NONE-
 Rosenblum/NNP ,/, who/WP |   *T*-250/NN->-NONE-   | apparently/RB has/VBZ an/
parently/RB has/VBZ an/DT |   unpublished/NN->JJ   | phone/NN number/NN ,/, al
 n't/RB be/VB reached/VBN |    *-156/NN->-NONE-    | ./.
                          |     Triton/NN->NNP     | Securities/NNP ,/, of/IN 
 Securities/NNP ,/, of/IN |    Danville/NN->NNP    | ,/, Calif./NNP ,/, and/CC
alif./NNP ,/, and/CC a/DT |    principal/JJ->NN    | of/IN the/DT firm/NN ,/, 
 of/IN the/DT firm/NN ,/, |     Delwin/NN->NNP     | George/NNP Chase/NNP ,/, 
ase/NNP ,/, also/RB of/IN |    Danville/NN->NNP    | ,/, were/VBD jointly/RB f
P ,/, were/VBD jointly/RB |     fined/NN->VBN      | *-1/-NONE- $/$ 10,000/CD 
/VBN *-1/-NONE- 30-day/JJ |  suspensions/NN->NNS   | as/IN part/NN of/IN a/DT 
/IN *-1/-NONE- neither/DT |   admitting/NN->VBG    | nor/CC denying/VBG wrongd
r/DT admitting/VBG nor/CC |    denying/NN->VBG     | wrongdoing/NN ,/, Triton/
ing/VBG wrongdoing/NN ,/, |     Triton/NN->NNP     | and/CC Mr./NNP Chase/NNP 
 and/CC Mr./NNP Chase/NNP |   consented/NN->VBD    | to/TO findings/NNS of/IN 
      Officials/NNS of/IN |     Triton/NN->NNP     | could/MD n't/RB be/VB rea
 n't/RB be/VB reached/VBN |    *-157/NN->-NONE-    | for/IN comment/NN ./.
 Chase/NNP did/VBD n't/RB |     return/VBP->VB     | a/DT telephone/NN call/NN
turn/VB a/DT telephone/NN |      call/VB->NN       | to/TO his/PRP$ office/NN 
                          |     Crane/NN->NNP      | &/CC Co./NNP Securities/N
es/NNP Inc./NNP ,/, of/IN |     Mount/NN->NNP      | Clemens/NNP ,/, Mich./NNP
./NNP ,/, of/IN Mount/NNP |    Clemens/NN->NNP     | ,/, Mich./NNP ,/, and/CC 
its/PRP$ president/NN ,/, |     Glenn/NN->NNP      | R./NNP Crane/NNP ,/, of/I
t/NN ,/, Glenn/NNP R./NNP |     Crane/NN->NNP      | ,/, of/IN Sterling/NNP He
./NNP Crane/NNP ,/, of/IN |    Sterling/NN->NNP    | Heights/NNP ,/, Mich./NNP
hts/NNP ,/, Mich./NNP ,/, |   consented/NN->VBD    | to/TO a/DT joint/JJ fine/
    Without/IN *-1/-NONE- |   admitting/NN->VBG    | or/CC denying/VBG wrongdo
NONE- admitting/VBG or/CC |    denying/NN->VBG     | wrongdoing/NN ,/, they/PR
rongdoing/NN ,/, they/PRP |   consented/NN->VBD    | to/TO findings/NNS of/IN 
NS of/IN escrow/NN and/CC | record-keeping/NN->JJ  | rules/NNS ./.
                  Mr./NNP |     Crane/NN->NNP      | did/VBD n't/RB return/VB 
 Crane/NNP did/VBD n't/RB |     return/VBP->VB     | a/DT call/NN seeking/VBG 
VBD n't/RB return/VB a/DT |      call/VB->NN       | seeking/VBG comment/NN ./
NN ,/, Kenneth/NNP J./NNP |     Canepa/NN->NNP     | ,/, also/RB of/IN New/NNP
N New/NNP Orleans/NNP ,/, |   consented/NN->VBD    | to/TO a/DT $/$ 10,000/CD 
      Also/RB ,/, Mr./NNP |     Canepa/NN->NNP     | received/VBD a/DT two-wee
epa/NNP received/VBD a/DT |    two-week/NN->JJ     | suspension/NN ``/`` in/IN
    Without/IN *-1/-NONE- |   admitting/NN->VBG    | or/CC denying/VBG wrongdo
NONE- admitting/VBG or/CC |    denying/NN->VBG     | wrongdoing/NN ,/, they/PR
rongdoing/NN ,/, they/PRP |   consented/NN->VBD    | to/TO findings/NNS that/I
ed/VBD to/TO findings/NNS |      that/WDT->IN      | they/PRP had/VBD inaccura
 that/IN they/PRP had/VBD |  inaccurately/NN->RB   | represented/VBN the/DT fi
P had/VBD inaccurately/RB |  represented/VBD->VBN  | the/DT firm/NN 's/POS net
VBN the/DT firm/NN 's/POS |       net/JJ->NN       | capital/NN ,/, maintained
tal/NN ,/, maintained/VBD |   inaccurate/NN->JJ    | books/NNS and/CC records/
CC records/NNS ,/, and/CC |     made/VBN->VBD      | other/JJ violations/NNS .
                  Mr./NNP |     Canepa/NN->NNP     | confirmed/VBD 0/-NONE- he
D 0/-NONE- he/PRP had/VBD |   consented/NN->VBN    | to/TO the/DT sanctions/NN
1/-NONE- to/TO comment/VB |     further/JJ->RB     | ./.
                          |   Weatherly/NN->NNP    | Securities/NNP Corp./NNP 
C three/CD of/IN its/PRP$ |   principals/NN->NNS   | --/: Dell/NNP Eugene/NNP 
/PRP$ principals/NNS --/: |      Dell/NN->NNP      | Eugene/NNP Keehn/NNP and/
ncipals/NNS --/: Dell/NNP |     Eugene/NN->NNP     | Keehn/NNP and/CC William/
 --/: Dell/NNP Eugene/NNP |     Keehn/NN->NNP      | and/CC William/NNP Northy
hn/NNP and/CC William/NNP |     Northy/NN->NNP     | Prater/NNP Jr./NNP ,/, bo
CC William/NNP Northy/NNP |     Prater/NN->NNP     | Jr./NNP ,/, both/DT of/IN
Jr./NNP ,/, both/DT of/IN |     Mercer/NN->NNP     | Island/NNP ,/, Wash./NNP 
 both/DT of/IN Mercer/NNP |     Island/NN->NNP     | ,/, Wash./NNP ,/, and/CC 
Mercer/NNP Island/NNP ,/, |     Wash./NN->NNP      | ,/, and/CC Thomas/NNP Alb
/CC Thomas/NNP Albert/NNP |     McFall/NN->NNP     | ,/, of/IN Red/NNP Bank/NN
/NNP ,/, N.J/NNP ./. --/: |   consented/NN->VBD    | to/TO a/DT fine/NN of/IN 
    Without/IN *-1/-NONE- |   admitting/NN->VBG    | or/CC denying/VBG wrongdo
NONE- admitting/VBG or/CC |    denying/NN->VBG     | wrongdoing/NN ,/, they/PR
rongdoing/NN ,/, they/PRP |   consented/NN->VBD    | to/TO findings/NNS that/I
ed/VBD to/TO findings/NNS |      that/WDT->IN      | they/PRP failed/VBD *-2/-
to/TO return/VB funds/NNS |     owed/VBD->VBN      | */-NONE- to/TO customers/
DT limited-partnership/NN |    offering/VBG->NN    | ./.
               *-2/-NONE- |    Reached/NN->VBN     | *-1/-NONE- at/IN his/PRP$
RP$ office/NN ,/, Mr./NNP |     McFall/NN->NNP     | ,/, currently/RB chairman
estor/NN funds/NNS is/VBZ |  inappropriate/NN->JJ  | and/CC inaccurate/JJ ./. 
Z inappropriate/JJ and/CC |   inaccurate/NN->JJ    | ./. ''/''
-NONE- was/VBD rapidly/RB |   rectified/NN->VBN    | *-2/-NONE- ,/, with/IN no
                          |      W.N./NN->NNP      | Whelen/NNP &/CC Co./NNP ,
                 W.N./NNP |     Whelen/NN->NNP     | &/CC Co./NNP ,/, of/IN Ge
NP &/CC Co./NNP ,/, of/IN |   Georgetown/NN->NNP   | ,/, Del./NNP ,/, and/CC i
 of/IN Georgetown/NNP ,/, |      Del./NN->NNP      | ,/, and/CC its/PRP$ presi
sident/NN ,/, William/NNP |       N./NN->NNP       | Whelen/NNP Jr./NNP ,/, al
NN ,/, William/NNP N./NNP |     Whelen/NN->NNP     | Jr./NNP ,/, also/RB of/IN
Jr./NNP ,/, also/RB of/IN |   Georgetown/NN->NNP   | ,/, were/VBD barred/VBN *
-NONE- from/IN *-2/-NONE- |  transacting/NN->VBG   | principal/JJ trades/NNS f
-2/-NONE- transacting/VBG |    principal/NN->JJ    | trades/NNS for/IN 90/CD d
nd/CC were/VBD jointly/RB |     fined/NN->VBN      | *-1/-NONE- $/$ 15,000/CD 
DT firm/NN and/CC Mr./NNP |     Whelen/NN->NNP     | allegedly/RB sold/VBD sec
P Whelen/NNP allegedly/RB |     sold/VBN->VBD      | securities/NNS to/TO the/
curities/NNS to/TO the/DT |     public/JJ->NN      | at/IN unfair/JJ prices/NN
                  Mr./NNP |     Whelen/NN->NNP     | denied/VBD 0/-NONE- the/D
       Mr./NNP Whelen/NNP |    denied/VBN->VBD     | 0/-NONE- the/DT firm/NN h
ractices/NNS of/IN the/DT |      NASD/NN->NNP      | need/VBP improvement/NN .
/DT firm/NN and/CC the/DT |      NASD/NN->NNP      | differ/VBP over/IN the/DT
NN and/CC the/DT NASD/NNP |     differ/NN->VBP     | over/IN the/DT meaning/NN
NP York/NNP ,/, which/WDT |   *T*-251/NN->-NONE-   | is/VBZ 62%-owned/JJ *-1/-
WDT *T*-251/-NONE- is/VBZ |    62%-owned/NN->JJ    | *-1/-NONE- by/IN American
owned/JJ *-1/-NONE- by/IN |    American/JJ->NNP    | Express/NNP Co./NNP ,/, c
-NONE- by/IN American/NNP |    Express/NN->NNP     | Co./NNP ,/, consented/VBD
P Express/NNP Co./NNP ,/, |   consented/NN->VBD    | to/TO a/DT $/$ 10,000/CD 
    Without/IN *-1/-NONE- |   admitting/NN->VBG    | or/CC denying/VBG wrongdo
NONE- admitting/VBG or/CC |    denying/NN->VBG     | wrongdoing/NN ,/, the/DT 
ing/NN ,/, the/DT firm/NN |   consented/NN->VBD    | to/TO findings/NNS that/I
ed/VBD to/TO findings/NNS |      that/WDT->IN      | it/PRP failed/VBD *-2/-NO
spond/VB ``/`` in/IN a/DT |     timely/NN->JJ      | manner/NN ''/'' to/TO the
ner/NN ''/'' to/TO the/DT |      NASD/NN->NNP      | 's/POS requests/NNS for/I
TO the/DT NASD/NNP 's/POS |    requests/NN->NNS    | for/IN information/NN in/
                   The/DT |   following/JJ->VBG    | individuals/NNS were/VBD 
 individuals/NNS were/VBD |     fined/NN->VBN      | *-2/-NONE- as/IN */-NONE-
*-2/-NONE- as/IN */-NONE- |   indicated/VBD->VBN   | *-1/-NONE- and/CC barred/
IN association/NN with/IN |      NASD/NN->NNP      | members/NNS ,/, or/CC ,/,
CC ,/, where/WRB */-NONE- |     noted/VBD->VBN     | *-3/-NONE- *T*-4/-NONE- ,
3/-NONE- *T*-4/-NONE- ,/, |   suspended/VBD->VBN   | *-2/-NONE- ./.
                          |     Except/NN->IN      | where/WRB */-NONE- noted/
ept/IN where/WRB */-NONE- |     noted/VBD->VBN     | *-3/-NONE- *T*-1/-NONE- ,
                          |     Andrew/NN->NNP     | Derel/NNP Adams/NNP ,/, K
               Andrew/NNP |     Derel/NN->NNP      | Adams/NNP ,/, Killeen/NNP
     Andrew/NNP Derel/NNP |     Adams/NN->NNP      | ,/, Killeen/NNP ,/, Texas
P Derel/NNP Adams/NNP ,/, |    Killeen/NN->NNP     | ,/, Texas/NNP ,/, fined/V
een/NNP ,/, Texas/NNP ,/, |     fined/NN->VBN      | *-1/-NONE- $/$ 15,000/CD 
D *U*/-NONE- ;/: John/NNP |    Francis/NN->NNP     | Angier/NNP Jr./NNP ,/, Re
 ;/: John/NNP Francis/NNP |     Angier/NN->NNP     | Jr./NNP ,/, Reddington/NN
NP Angier/NNP Jr./NNP ,/, |   Reddington/NN->NNP   | Shores/NNP ,/, Fla./NNP ,
r./NNP ,/, Reddington/NNP |     Shores/NN->NNP     | ,/, Fla./NNP ,/, $/$ 15,0
D *U*/-NONE- ;/: Mark/NNP |    Anthony/NN->NNP     | ,/, Arlington/NNP Heights
 Mark/NNP Anthony/NNP ,/, |   Arlington/NN->NNP    | Heights/NNP ,/, Ill./NNP 
ension/NN ;/: William/NNP |    Stirlen/NN->NNP     | ,/, Arlington/NNP Heights
lliam/NNP Stirlen/NNP ,/, |   Arlington/NN->NNP    | Heights/NNP ,/, Ill./NNP 
-day/JJ suspension/NN ;/: |      Fred/NN->NNP      | W./NNP Bonnell/NNP ,/, Bo
on/NN ;/: Fred/NNP W./NNP |    Bonnell/NN->NNP     | ,/, Boulder/NNP ,/, Colo.
NN ;/: Michael/NNP J./NNP |     Boorse/NN->NNP     | ,/, Horsham/NNP ,/, Pa./N
NNP J./NNP Boorse/NNP ,/, |    Horsham/NN->NNP     | ,/, Pa./NNP ;/: David/NNP
e/NNP ,/, Horsham/NNP ,/, |      Pa./NN->NNP       | ;/: David/NNP Chiodo/NNP 
,/, Pa./NNP ;/: David/NNP |     Chiodo/NN->NNP     | ,/, Dallas/NNP ,/, $/$ 5,
$ 5,000/CD *U*/-NONE- ,/, |    barred/VBN->VBD     | *-3/-NONE- as/IN a/DT pri
VBD *-3/-NONE- as/IN a/DT |    principal/JJ->NN    | ;/: Camille/NNP Chafic/NN
/IN a/DT principal/NN ;/: |    Camille/NN->NNP     | Chafic/NNP Cotran/NNP ,/,
ncipal/NN ;/: Camille/NNP |     Chafic/NN->NNP     | Cotran/NNP ,/, London/NNP
/: Camille/NNP Chafic/NNP |     Cotran/NN->NNP     | ,/, London/NNP ,/, $/$ 25
William/NNP Curry/NNP ,/, |     fined/NN->VBN      | *-4/-NONE- $/$ 5,000/CD *
$ 5,000/CD *U*/-NONE- ,/, |    ordered/VBD->VBN    | *-4/-NONE- *-2/-NONE- to/
4/-NONE- *-2/-NONE- to/TO |    disgorge/NN->VB     | $/$ 30,000/CD *U*/-NONE- 
 30,000/CD *U*/-NONE- ,/, |    one-year/NN->JJ     | suspension/NN ./.
     John/NNP William/NNP |     Davis/NN->NNP      | ,/, Colonsville/NNP ,/, M
William/NNP Davis/NNP ,/, |  Colonsville/NN->NNP   | ,/, Miss./NNP ,/, fined/V
P ,/, Colonsville/NNP ,/, |     Miss./NN->NNP      | ,/, fined/VBN *-4/-NONE- 
lle/NNP ,/, Miss./NNP ,/, |     fined/NN->VBN      | *-4/-NONE- $/$ 200,000/CD
200,000/CD *U*/-NONE- ;/: |    Jeffrey/NN->NNP     | Gerard/NNP Dompierre/NNP 
U*/-NONE- ;/: Jeffrey/NNP |     Gerard/NN->NNP     | Dompierre/NNP ,/, Valrico
/: Jeffrey/NNP Gerard/NNP |   Dompierre/NN->NNP    | ,/, Valrico/NNP ,/, Fla./
ard/NNP Dompierre/NNP ,/, |    Valrico/NN->NNP     | ,/, Fla./NNP ,/, $/$ 5,00
,000/CD *U*/-NONE- and/CC |     10-day/NN->JJ      | suspension/NN ;/: Eugene/
-day/JJ suspension/NN ;/: |     Eugene/NN->NNP     | Michael/NNP Felten/NNP ,/
/: Eugene/NNP Michael/NNP |     Felten/NN->NNP     | ,/, La/NNP Canada/NNP ,/,
da/NNP ,/, Calif./NNP ,/, |     fined/NN->VBN      | *-3/-NONE- $/$ 25,000/CD 
 25,000/CD *U*/-NONE- ,/, |    ordered/VBD->VBN    | *-3/-NONE- *-2/-NONE- to/
3/-NONE- *-2/-NONE- to/TO |    disgorge/NN->VB     | $/$ 16,072/CD *U*/-NONE- 
,072/CD *U*/-NONE- and/CC |   suspended/VBD->VBN   | *-3/-NONE- one/CD year/NN
-NONE- one/CD year/NN ;/: |     Marion/NN->NNP     | Stewart/NNP Spitler/NNP ,
CD year/NN ;/: Marion/NNP |    Stewart/NN->NNP     | Spitler/NNP ,/, La/NNP Ca
/: Marion/NNP Stewart/NNP |    Spitler/NN->NNP     | ,/, La/NNP Canada/NNP ,/,
,/, La/NNP Canada/NNP ,/, |     fined/NN->VBN      | *-5/-NONE- $/$ 15,000/CD 
 15,000/CD *U*/-NONE- ,/, |    ordered/VBD->VBN    | *-5/-NONE- *-1/-NONE- to/
5/-NONE- *-1/-NONE- to/TO |    disgorge/NN->VB     | $/$ 18,444/CD *U*/-NONE- 
,444/CD *U*/-NONE- and/CC |   suspended/VBD->VBN   | *-5/-NONE- six/CD months/
                  Mr./NNP |     Felten/NN->NNP     | said/VBD ,/, ``/`` We/PRP
`` We/PRP got/VBD what/WP |   *T*-252/NN->-NONE-   | amounted/VBD to/TO a/DT p
BD what/WP *T*-252/-NONE- |    amounted/NN->VBD    | to/TO a/DT parking/NN tic
, and/CC by/IN *-1/-NONE- |  complaining/NN->VBG   | about/IN it/PRP ,/, we/PR
ed/VBD up/RP with/IN a/DT |     sizable/NN->JJ     | fine/NN and/CC suspension
   Victor/NNP Stanley/NNP |    Fishman/NN->NNP     | ,/, Longwood/NNP ,/, Fla.
anley/NNP Fishman/NNP ,/, |    Longwood/NN->NNP    | ,/, Fla./NNP ,/, fined/VB
wood/NNP ,/, Fla./NNP ,/, |     fined/NN->VBN      | *-1/-NONE- $/$ 25,000/CD 
/: William/NNP Harold/NNP |     Floyd/NN->NNP      | ,/, Houston/NNP ,/, $/$ 1
 Harold/NNP Floyd/NNP ,/, |    Houston/NN->NNP     | ,/, $/$ 100,000/CD *U*/-N
U*/-NONE- ;/: Michael/NNP |    Anthony/NN->NNP     | Houston/NNP ,/, Bronx/NNP
: Michael/NNP Anthony/NNP |    Houston/NN->NNP     | ,/, Bronx/NNP ,/, N.Y./NN
thony/NNP Houston/NNP ,/, |     Bronx/NN->NNP      | ,/, N.Y./NNP ,/, $/$ 15,0
 15,000/CD *U*/-NONE- ;/: |      Amin/NN->NNP      | Jalaalwalikraam/NNP ,/, G
D *U*/-NONE- ;/: Amin/NNP | Jalaalwalikraam/NN->NNP | ,/, Glenham/NNP ,/, N.Y./
P Jalaalwalikraam/NNP ,/, |    Glenham/NN->NNP     | ,/, N.Y./NNP ,/, $/$ 60,0
E- ;/: Richard/NNP F./NNP |     Knapp/NN->NNP      | ,/, London/NNP ,/, $/$ 10
-day/JJ suspension/NN ;/: |    Deborah/NN->NNP     | Renee/NNP Martin/NNP ,/, 
ension/NN ;/: Deborah/NNP |     Renee/NN->NNP      | Martin/NNP ,/, St./NNP Lo
*U*/-NONE- ;/: Joseph/NNP |    Francis/NN->NNP     | Muscolina/NNP Jr./NNP ,/,
/: Joseph/NNP Francis/NNP |   Muscolina/NN->NNP    | Jr./NNP ,/, Palisades/NNP
Muscolina/NNP Jr./NNP ,/, |   Palisades/NN->NNP    | Park/NNP ,/, N.J./NNP ,/,
Jr./NNP ,/, Palisades/NNP |      Park/NN->NNP      | ,/, N.J./NNP ,/, $/$ 15,0
NE- ;/: Robert/NNP C./NNP |    Najarian/NN->NNP    | ,/, Brooklyn/NNP Park/NNP
rian/NNP ,/, Brooklyn/NNP |      Park/NN->NNP      | ,/, Minn./NNP ,/, $/$ 15,
Brooklyn/NNP Park/NNP ,/, |     Minn./NN->NNP      | ,/, $/$ 15,000/CD *U*/-NO
;/: Edward/NNP Robert/NNP |    Norwick/NN->NNP     | ,/, Nesconset/NNP ,/, N.Y
obert/NNP Norwick/NNP ,/, |   Nesconset/NN->NNP    | ,/, N.Y./NNP ,/, $/$ 30,0
       Charles/NNP D./NNP |     Phipps/NN->NNP     | Sr./NNP ,/, Hermitage/NNP
les/NNP D./NNP Phipps/NNP |      Sr./NN->NNP       | ,/, Hermitage/NNP ,/, Pa.
NNP ,/, Hermitage/NNP ,/, |      Pa./NN->NNP       | ,/, fined/VBN *-1/-NONE- 
itage/NNP ,/, Pa./NNP ,/, |     fined/NN->VBN      | *-1/-NONE- $/$ 10,000/CD 
 *U*/-NONE- ;/: David/NNP |     Scott/NN->NNP      | Rankin/NNP ,/, Lake/NNP S
- ;/: David/NNP Scott/NNP |     Rankin/NN->NNP     | ,/, Lake/NNP St./NNP Loui
NNP St./NNP Louis/NNP ,/, |      Mo./NN->NNP       | ,/, $/$ 15,000/CD *U*/-NO
 15,000/CD *U*/-NONE- ;/: |     Leigh/NN->NNP      | A./NNP Sanderoff/NNP ,/, 
ONE- ;/: Leigh/NNP A./NNP |   Sanderoff/NN->NNP    | ,/, Gaithersburg/NNP ,/, 
 A./NNP Sanderoff/NNP ,/, |  Gaithersburg/NN->NNP  | ,/, Md./NNP ,/, fined/VBN
 ,/, Gaithersburg/NNP ,/, |      Md./NN->NNP       | ,/, fined/VBN *-2/-NONE- 
sburg/NNP ,/, Md./NNP ,/, |     fined/NN->VBN      | *-2/-NONE- $/$ 45,000/CD 
 45,000/CD *U*/-NONE- ,/, |    ordered/VBD->VBN    | *-2/-NONE- *-3/-NONE- to/
2/-NONE- *-3/-NONE- to/TO |    disgorge/NN->VB     | $/$ 12,252/CD *U*/-NONE- 
 12,252/CD *U*/-NONE- ;/: |     Sandra/NN->NNP     | Ann/NNP Smith/NNP ,/, Rid
*U*/-NONE- ;/: Sandra/NNP |      Ann/NN->NNP       | Smith/NNP ,/, Ridgefield/
NNP Ann/NNP Smith/NNP ,/, |   Ridgefield/NN->NNP   | ,/, N.J./NNP ,/, $/$ 15,0
ONE- ;/: James/NNP G./NNP |     Spence/NN->NNP     | ,/, Aloha/NNP ,/, Ore./NN
NNP G./NNP Spence/NNP ,/, |     Aloha/NN->NNP      | ,/, Ore./NNP ,/, $/$ 5,00
nce/NNP ,/, Aloha/NNP ,/, |      Ore./NN->NNP      | ,/, $/$ 5,000/CD *U*/-NON
onth/JJ suspension/NN ;/: |      Mona/NN->NNP      | Sun/NNP ,/, Jamaica/NNP E
uspension/NN ;/: Mona/NNP |      Sun/NN->NNP       | ,/, Jamaica/NNP Estates/N
 ;/: Mona/NNP Sun/NNP ,/, |    Jamaica/NN->NNP     | Estates/NNP ,/, N.Y./NNP 
P Sun/NNP ,/, Jamaica/NNP |    Estates/NN->NNP     | ,/, N.Y./NNP ,/, $/$ 60,0
U*/-NONE- ;/: William/NNP |   Swearingen/NN->NNP   | ,/, Minneapolis/NNP ,/, $
uspension/NN ;/: John/NNP |      Bew/NN->NNP       | Wong/NNP ,/, San/NNP Fran
n/NN ;/: John/NNP Bew/NNP |      Wong/NN->NNP      | ,/, San/NNP Francisco/NNP
 25,000/CD *U*/-NONE- ;/: |     Rabia/NN->NNP      | M./NNP Zayed/NNP ,/, San/
ONE- ;/: Rabia/NNP M./NNP |     Zayed/NN->NNP      | ,/, San/NNP Francisco/NNP
                   The/DT |   following/JJ->VBG    | *ICH*-2/-NONE- were/VBD n
ther/DT barred/VBN nor/CC |   suspended/VBD->VBN   | *-1/-NONE- :/: Stephanie/
/-NONE- :/: Stephanie/NNP |    Veselich/NN->NNP    | Enright/NNP ,/, Rolling/N
tephanie/NNP Veselich/NNP |    Enright/NN->NNP     | ,/, Rolling/NNP Hills/NNP
elich/NNP Enright/NNP ,/, |    Rolling/NN->NNP     | Hills/NNP ,/, Calif./NNP 
ls/NNP ,/, Calif./NNP ,/, |     fined/NN->VBN      | *-3/-NONE- $/$ 2,500/CD *
,500/CD *U*/-NONE- and/CC |    ordered/VBD->VBN    | *-3/-NONE- *-4/-NONE- to/
3/-NONE- *-4/-NONE- to/TO |    disgorge/NN->VB     | $/$ 11,762/CD *U*/-NONE- 
 11,762/CD *U*/-NONE- ;/: |     Stuart/NN->NNP     | Lane/NNP Russel/NNP ,/, G
- ;/: Stuart/NNP Lane/NNP |     Russel/NN->NNP     | ,/, Glendale/NNP ,/, Cali
P Lane/NNP Russel/NNP ,/, |    Glendale/NN->NNP    | ,/, Calif./NNP ,/, fined/
le/NNP ,/, Calif./NNP ,/, |     fined/NN->VBN      | *-5/-NONE- $/$ 2,500/CD *
,500/CD *U*/-NONE- and/CC |    ordered/VBD->VBN    | *-5/-NONE- *-6/-NONE- to/
5/-NONE- *-6/-NONE- to/TO |    disgorge/NN->VB     | $/$ 14,821/CD *U*/-NONE- 
 *U*/-NONE- ;/: Devon/NNP |     Nilson/NN->NNP     | Dahl/NNP ,/, Fountain/NNP
 ;/: Devon/NNP Nilson/NNP |      Dahl/NN->NNP      | ,/, Fountain/NNP Valley/N
P Nilson/NNP Dahl/NNP ,/, |    Fountain/NN->NNP    | Valley/NNP ,/, Calif./NNP
ey/NNP ,/, Calif./NNP ,/, |     fined/NN->VBN      | *-7/-NONE- $/$ 82,389/CD 
                  Mr./NNP |      Dahl/NN->NNP      | ,/, a/DT registered/VBN r
VBD 0/-NONE- he/PRP ``/`` |    screwed/NN->VBD     | up/RP ''/'' because/IN he
 he/PRP ``/`` screwed/VBD |       up/IN->RP        | ''/'' because/IN he/PRP d
B 0/-NONE- he/PRP was/VBD |    breaking/NN->VBG    | securities/NNS laws/NNS .
                    ``/`` |   Insurance/NNP->NN    | agents/NNS have/VBP been/
       ``/`` Insurance/NN |     agents/NN->NNS     | have/VBP been/VBN forced/
e/VBP been/VBN forced/VBN |    *-158/NN->-NONE-    | by/IN their/PRP$ companie
coming/VBG registered/VBN |      reps/NN->NNS      | ,/, ''/'' he/PRP said/VBD
/VBG compliance/NN and/CC |  security-type/NN->JJ  | training/NN so/IN that/IN
urity-type/JJ training/NN |       so/RB->IN        | that/IN we/PRP can/MD avo
IN we/PRP can/MD avoid/VB |     stupid/NN->JJ      | mistakes/NNS ./. ''/''
can/MD avoid/VB stupid/JJ |    mistakes/NN->NNS    | ./. ''/''
                   The/DT |    following/JJ->NN    | *ICH*-4/-NONE- were/VBD b
CC ,/, where/WRB */-NONE- |     noted/VBD->VBN     | *-1/-NONE- *T*-2/-NONE- ,
1/-NONE- *T*-2/-NONE- ,/, |   suspended/VBD->VBN   | *-3/-NONE- and/CC consent
ded/VBN *-3/-NONE- and/CC |   consented/NN->VBD    | to/TO findings/NNS withou
NNS without/IN *-3/-NONE- |   admitting/NN->VBG    | or/CC denying/VBG wrongdo
NONE- admitting/VBG or/CC |    denying/NN->VBG     | wrongdoing/NN :/: Edward/
/NN :/: Edward/NNP L./NNP |      Cole/NN->NNP      | ,/, Jackson/NNP ,/, Miss.
d/NNP L./NNP Cole/NNP ,/, |    Jackson/NN->NNP     | ,/, Miss./NNP ,/, $/$ 10,
e/NNP ,/, Jackson/NNP ,/, |     Miss./NN->NNP      | ,/, $/$ 10,000/CD *U*/-NO
CD *U*/-NONE- fine/NN ;/: |      Rita/NN->NNP      | Rae/NNP Cross/NNP ,/, Den
ONE- fine/NN ;/: Rita/NNP |      Rae/NN->NNP       | Cross/NNP ,/, Denver/NNP 
e/NN ;/: Rita/NNP Rae/NNP |     Cross/NN->NNP      | ,/, Denver/NNP ,/, $/$ 2,
NNP Rae/NNP Cross/NNP ,/, |     Denver/NN->NNP     | ,/, $/$ 2,500/CD *U*/-NON
/: Thomas/NNP Richard/NNP |    Meinders/NN->NNP    | ,/, Colorado/NNP Springs/
CD *U*/-NONE- fine/NN ,/, |    five-day/NN->JJ     | suspension/NN and/CC eigh
y/JJ suspension/NN and/CC |   eight-month/NN->JJ   | suspension/NN as/IN a/DT 
 suspension/NN as/IN a/DT |    principal/JJ->NN    | ;/: Ronald/NNP A./NNP Cut
incipal/NN ;/: Ronald/NNP |       A./NN->NNP       | Cutrer/NNP ,/, Baton/NNP 
/NN ;/: Ronald/NNP A./NNP |     Cutrer/NN->NNP     | ,/, Baton/NNP Rouge/NNP ,
NNP A./NNP Cutrer/NNP ,/, |     Baton/NN->NNP      | Rouge/NNP ,/, La./NNP ,/,
 Cutrer/NNP ,/, Baton/NNP |     Rouge/NN->NNP      | ,/, La./NNP ,/, $/$ 15,00
, Baton/NNP Rouge/NNP ,/, |      La./NN->NNP       | ,/, $/$ 15,000/CD *U*/-NO
*U*/-NONE- fine/NN and/CC |    one-month/NN->JJ    | suspension/NN ;/: Karl/NN
onth/JJ suspension/NN ;/: |      Karl/NN->NNP      | Grant/NNP Hale/NNP ,/, Mi
uspension/NN ;/: Karl/NNP |     Grant/NN->NNP      | Hale/NNP ,/, Midvale/NNP 
NN ;/: Karl/NNP Grant/NNP |      Hale/NN->NNP      | ,/, Midvale/NNP ,/, Utah/
NP Grant/NNP Hale/NNP ,/, |    Midvale/NN->NNP     | ,/, Utah/NNP ,/, $/$ 15,0
e/NNP ,/, Midvale/NNP ,/, |      Utah/NN->NNP      | ,/, $/$ 15,000/CD *U*/-NO
CD *U*/-NONE- fine/NN ;/: |    Clinton/NN->NNP     | P./NNP Hayne/NNP ,/, New/
NN ;/: Clinton/NNP P./NNP |     Hayne/NN->NNP      | ,/, New/NNP Orleans/NNP ,
*U*/-NONE- fine/NN and/CC |    one-week/NN->JJ     | suspension/NN ;/: Richard
NN ;/: Richard/NNP M./NNP |      Kane/NN->NNP      | ,/, Coconut/NNP Creek/NNP
d/NNP M./NNP Kane/NNP ,/, |    Coconut/NN->NNP     | Creek/NNP ,/, Fla./NNP ,/
ne/NN ;/: John/NNP B./NNP |    Merrick/NN->NNP     | ,/, Aurora/NNP ,/, Colo./
NP B./NNP Merrick/NNP ,/, |     Aurora/NN->NNP     | ,/, Colo./NNP ,/, $/$ 1,0
*U*/-NONE- fine/NN and/CC |     10-day/NN->JJ      | suspension/NN ;/: John/NN
on/NN ;/: John/NNP P./NNP |     Miller/NN->NNP     | ,/, Baton/NNP Rouge/NNP ,
NNP P./NNP Miller/NNP ,/, |     Baton/NN->NNP      | Rouge/NNP ,/, $/$ 2,000/C
 Miller/NNP ,/, Baton/NNP |     Rouge/NN->NNP      | ,/, $/$ 2,000/CD *U*/-NON
*U*/-NONE- fine/NN and/CC |    two-week/NN->JJ     | suspension/NN ;/: Randolp
week/JJ suspension/NN ;/: |    Randolph/NN->NNP    | K./NNP Pace/NNP ,/, New/N
N ;/: Randolph/NNP K./NNP |      Pace/NN->NNP      | ,/, New/NNP York/NNP ,/, 
*U*/-NONE- fine/NN and/CC |     90-day/NN->JJ      | suspension/NN ;/: Brian/N
-day/JJ suspension/NN ;/: |     Brian/NN->NNP      | D./NNP Pitcher/NNP ,/, Ne
n/NN ;/: Brian/NNP D./NNP |    Pitcher/NN->NNP     | ,/, New/NNP Providence/NN
NE- fine/NN ;/: Wayne/NNP |       A./NN->NNP       | Russo/NNP ,/, Bridgeville
e/NN ;/: Wayne/NNP A./NNP |     Russo/NN->NNP      | ,/, Bridgeville/NNP ,/, P
/NNP A./NNP Russo/NNP ,/, |  Bridgeville/NN->NNP   | ,/, Pa./NNP ,/, $/$ 4,000
P ,/, Bridgeville/NNP ,/, |      Pa./NN->NNP       | ,/, $/$ 4,000/CD *U*/-NON
*U*/-NONE- fine/NN and/CC |     15-day/NN->JJ      | suspension/NN ;/: Orville
-day/JJ suspension/NN ;/: |    Orville/NN->NNP     | Leroy/NNP Sandberg/NNP ,/
ension/NN ;/: Orville/NNP |     Leroy/NN->NNP      | Sandberg/NNP ,/, Aurora/N
;/: Orville/NNP Leroy/NNP |    Sandberg/NN->NNP    | ,/, Aurora/NNP ,/, Colo./
eroy/NNP Sandberg/NNP ,/, |     Aurora/NN->NNP     | ,/, Colo./NNP ,/, $/$ 3,5
*U*/-NONE- fine/NN and/CC |     10-day/NN->JJ      | suspension/NN ;/: Richard
NN ;/: Richard/NNP T./NNP |    Marchese/NN->NNP    | ,/, Las/NNP Vegas/NNP ,/,
P T./NNP Marchese/NNP ,/, |      Las/NN->NNP       | Vegas/NNP ,/, Nev./NNP ,/
 Marchese/NNP ,/, Las/NNP |     Vegas/NN->NNP      | ,/, Nev./NNP ,/, $/$ 5,00
,/, Las/NNP Vegas/NNP ,/, |      Nev./NN->NNP      | ,/, $/$ 5,000/CD *U*/-NON
,000/CD *U*/-NONE- and/CC |    one-year/NN->JJ     | suspension/NN ;/: Eric/NN
year/JJ suspension/NN ;/: |      Eric/NN->NNP      | G./NNP Monchecourt/NNP ,/
on/NN ;/: Eric/NNP G./NNP |  Monchecourt/NN->NNP   | ,/, Las/NNP Vegas/NNP ,/,
./NNP Monchecourt/NNP ,/, |      Las/NN->NNP       | Vegas/NNP ,/, $/$ 5,000/C
nchecourt/NNP ,/, Las/NNP |     Vegas/NN->NNP      | ,/, $/$ 5,000/CD *U*/-NON
,000/CD *U*/-NONE- and/CC |    one-year/NN->JJ     | suspension/NN ;/: and/CC 
/NN ;/: and/CC Robert/NNP |    Gerhard/NN->NNP     | Smith/NNP ,/, Carson/NNP 
Gerhard/NNP Smith/NNP ,/, |     Carson/NN->NNP     | City/NNP ,/, Nev./NNP ,/,
, Carson/NNP City/NNP ,/, |      Nev./NN->NNP      | ,/, two-year/JJ suspensio
RP was/VBD n't/RB ever/RB |    actively/NN->RB     | engaged/VBN *-1/-NONE- in
't/RB ever/RB actively/RB |    engaged/NN->VBN     | *-1/-NONE- in/IN any/DT s
/VBD *T*-2/-NONE- Mr./NNP |     Cutrer/NN->NNP     | ./.
ONE- was/VBD just/RB a/DT |     stupid/NN->JJ      | mistake/NN */-NONE- to/TO
NONE- to/TO get/VB the/DT |     license/VB->NN     | ,/, ''/'' he/PRP said/VBD
``/`` I/PRP 'd/MD just/RB |       as/IN->RB        | soon/RB not/RB get/VB int
                          |    Program/NNP->NN     | traders/NNS are/VBP fond/
am/NN traders/NNS are/VBP |      fond/NN->JJ       | of/IN *-1/-NONE- predicti
IN if/IN they/PRP are/VBP |    blocked/NN->VBN     | *-159/-NONE- in/IN the/DT
y/PRP are/VBP blocked/VBN |    *-159/NN->-NONE-    | in/IN the/DT U.S./NNP ,/,
hey/PRP will/MD simply/RB |    emigrate/NN->VB     | to/TO foreign/JJ stock/NN
C Tokyo/NNP ,/, where/WRB | computer-driven/NN->JJ | trading/NN now/RB plays/V
iven/JJ trading/NN now/RB |     plays/NN->VBZ      | a/DT small/JJ but/CC grow
ONE- a/DT number/NN of/IN |    hurdles/NN->NNS     | loom/VBP ./.
mber/NN of/IN hurdles/NNS |      loom/NN->VBP      | ./.
 ,/, probably/RB would/MD |     resist/NN->VB      | any/DT onslaught/NN of/IN
trying/VBG */-NONE- to/TO |      shrug/NN->VB      | off/RP the/DT U.S./NNP fu
G */-NONE- to/TO shrug/VB |       off/RB->RP       | the/DT U.S./NNP furor/NN 
RP$ activities/NNS and/CC |    marching/NN->VBG    | abroad/RB with/IN their/P
s/NNS and/CC marching/VBG |     abroad/NN->RB      | with/IN their/PRP$ busine
                 U.S./NNP |   stock-index/JJ->NN   | futures/NNS are/VBP n't/R
N hours/NNS do/VBP n't/RB |     overlap/NN->VB     | ./.
                   It/PRP |       all/RB->DT       | adds/VBZ up/RP to/TO a/DT
/TO a/DT barrier/NN to/TO | American-style/NN->JJ  | index/NN arbitrage/NN ,/,
am/NN trading/NN that/WDT |   *T*-253/NN->-NONE-   | seeks/VBZ *-1/-NONE- to/T
eeks/VBZ *-1/-NONE- to/TO |     exploit/NN->VB     | brief/JJ differences/NNS 
fficult/JJ */-NONE- to/TO |     imagine/NN->VB     | Japan/NNP racing/VBG *-2/
o/TO imagine/VB Japan/NNP |     racing/NN->VBG     | *-2/-NONE- to/TO introduc
-NONE- to/TO introduce/VB |  Chicago-style/NN->JJ  | stock-index/JJ futures/NN
try/NNP already/RB is/VBZ |  scrutinizing/NN->VBG  | institutional/JJ investor
cy/NN changes/NNS are/VBP |    needed/VBD->VBN     | *-160/-NONE- */-NONE- to/
es/NNS are/VBP needed/VBN |    *-160/NN->-NONE-    | */-NONE- to/TO cope/VB wi
160/-NONE- */-NONE- to/TO |      cope/NN->VB       | with/IN the/DT current/JJ
VBD 0/-NONE- *T*-2/-NONE- |     Makato/NN->NNP     | Utsumi/NNP ,/, vice/NN mi
- *T*-2/-NONE- Makato/NNP |     Utsumi/NN->NNP     | ,/, vice/NN minister/NN f
                          |    Program/NNP->NN     | trading/NN has/VBZ taken/
ding/NN has/VBZ taken/VBN |       off/RP->RB       | in/IN Japan/NNP since/IN 
POS introduction/NN of/IN |   home-market/NN->JJ   | stock-index/NN futures/NN
n/NN of/IN home-market/JJ |   stock-index/JJ->NN   | futures/NNS trading/NN on
N the/DT Tokyo/NNP and/CC |     Osaka/NN->NNP      | stock/NN exchanges/NNS ./
CC regulators/NNS are/VBP |      wary/NN->JJ       | ./.
 They/PRP have/VBP n't/RB |   forgotten/NN->VBN    | the/DT leap/NN in/IN shar
are/NN prices/NNS last/JJ |      Dec./NN->NNP      | 7/CD ,/, when/WRB the/DT 
DT first/JJ bout/NN of/IN |   foreign-led/NN->JJ   | index/NN arbitrage/NN dro
/JJ index/NN arbitrage/NN |     drove/NN->VBD      | stocks/NNS skyward/RB in/
e/NN drove/VBD stocks/NNS |     skyward/NN->RB     | in/IN the/DT last/JJ half
/JJ regulators/NNS who/WP |   *T*-254/NN->-NONE-   | thought/VBD 0/-NONE- they
2/-NONE- to/TO prevent/VB |      such/JJ->PDT      | a/DT swing/NN ./.
NNP had/VBD set/VBN up/RP |   mechanisms/NN->NNS   | 0/-NONE- *-1/-NONE- to/TO
0/-NONE- *-1/-NONE- to/TO |      limit/NN->VB      | how/WRB far/JJ futures/NN
E- to/TO limit/VB how/WRB |       far/RB->JJ       | futures/NNS prices/NNS co
- to/TO give/VB market/NN |   operators/NN->NNS    | the/DT authority/NN */-NO
thority/NN */-NONE- to/TO |     suspend/NN->VB     | trading/NN in/IN futures/
                    ``/`` |      Maybe/NN->RB      | it/PRP was/VBD n't/RB eno
/RB it/PRP was/VBD n't/RB |     enough/JJ->RB      | ,/, ''/'' a/DT Finance/NN
ors/NNS have/VBP since/IN |   tightened/NN->VBN    | controls/NNS on/IN index-
ed/VBN controls/NNS on/IN |  index-related/NN->JJ  | stock/NN purchases/NNS ./
/NNS ,/, though/IN the/DT |    Japanese/JJ->NNP    | are/VBP playing/VBG catch
 firms/NNS ,/, notably/RB |    Salomon/NN->NNP     | Inc./NNP and/CC Morgan/NN
NNP Inc./NNP ,/, have/VBP |     reaped/NN->VBN     | a/DT hefty/JJ chunk/NN of
es/NNS firms/NNS that/WDT |   *T*-255/NN->-NONE-   | have/VBP stopped/VBN *-1/
T *T*-255/-NONE- have/VBP |    stopped/VBD->VBN    | *-1/-NONE- doing/VBG inde
                  Both/DT |     Deryck/NN->NNP     | C./NNP Maughan/NNP ,/, wh
Both/DT Deryck/NNP C./NNP |    Maughan/NN->NNP     | ,/, who/WP *T*-256/-NONE-
NP Maughan/NNP ,/, who/WP |   *T*-256/NN->-NONE-   | heads/VBZ Salomon/NNP in/
 *T*-256/-NONE- heads/VBZ |    Salomon/NN->NNP     | in/IN Tokyo/NNP ,/, and/C
o/NNP ,/, and/CC John/NNP |       S./NN->NNP       | Wadsworth/NNP ,/, who/WP 
/, and/CC John/NNP S./NNP |   Wadsworth/NN->NNP    | ,/, who/WP *T*-257/-NONE-
 Wadsworth/NNP ,/, who/WP |   *T*-257/NN->-NONE-   | heads/VBZ Morgan/NNP Stan
 Stanley/NNP there/RB ,/, |    ascribe/NN->VBP     | a/DT good/JJ part/NN of/I
ability/NN */-NONE- to/TO |      offer/NN->VB      | sophisticated/JJ ,/, futu
r/VB sophisticated/JJ ,/, | futures-related/NN->JJ | investment/NN strategies/
-related/JJ investment/NN |   strategies/NN->NNS   | to/TO big/JJ institutiona
PRP do/VBP n't/RB have/VB |     plans/VBZ->NNS     | */-NONE- to/TO cut/VB bac
P has/VBZ not/RB been/VBN |   disruptive/NN->JJ    | in/IN the/DT markets/NNS 
here/RB ,/, ''/'' Mr./NNP |    Maughan/NN->NNP     | said/VBD *T*-1/-NONE- ./.
: is/VBZ big/JJ enough/RB |   *RNR*-2/NN->-NONE-   | and/CC liquid/NN enough/R
2/-NONE- and/CC liquid/NN |     enough/JJ->RB      | *RNR*-2/-NONE- that/IN th
nd/CC liquid/NN enough/RB |   *RNR*-2/NN->-NONE-   | that/IN the/DT futures/NN
                   The/DT |    British/JJ->NNP     | also/RB are/VBP scrutiniz
itish/NNP also/RB are/VBP |  scrutinizing/NN->VBG  | program/NN trades/NNS ./.
               London/NNP |     serves/NN->VBZ     | increasingly/RB as/IN a/D
                          |     Market/NNP->NN     | professionals/NNS said/VB
                Market/NN | professionals/NN->NNS  | said/VBD 0/-NONE- London/
on/NNP has/VBZ several/JJ |  attractions/NN->NNS   | ./.
                          |     First/NNP->JJ      | ,/, the/DT trading/NN is/
r/NN and/CC is/VBZ n't/RB |   reported/VBD->VBN    | *-1/-NONE- on/IN either/C
n/NNP stock/NN trading/NN |     tapes/NN->NNS      | ./.
*-1/-NONE- */-NONE- to/TO |     unwind/NN->VB      | positions/NNS before/IN U
re/IN U.S./NNP trading/NN |     begins/NN->VBZ     | ,/, but/CC at/IN prices/N
, but/CC at/IN prices/NNS |     pegged/NN->VBN     | */-NONE- to/TO the/DT pre
ious/JJ session/NN 's/POS |      Big/JJ->NNP       | Board/NNP close/NN ./.
-1/-NONE- is/VBZ done/VBN |    *-161/NN->-NONE-    | over/IN here/RB than/IN i
 *T*-2/-NONE- Richard/NNP |    Barfield/NN->NNP    | ,/, chief/NN investment/N
/IN Standard/NNP Life/NNP |   Assurance/NN->NNP    | Co./NNP ,/, which/WDT *T*
NNP Co./NNP ,/, which/WDT |   *T*-258/NN->-NONE-   | manages/VBZ about/IN #/# 
 which/WDT *T*-258/-NONE- |    manages/NN->VBZ     | about/IN #/# 15/CD billio
ONE- manages/VBZ about/IN |        #/NN->#         | 15/CD billion/CD *U*/-NON
       A/DT Financial/NNP |  Times-Stock/NN->NNP   | Exchange/NNP 100-share/JJ
es-Stock/NNP Exchange/NNP |    100-share/NN->JJ    | index/NN option/NN contra
ract/NN is/VBZ traded/VBN |    *-162/NN->-NONE-    | on/IN the/DT London/NNP S
k/NNP Exchange/NNP 's/POS |     Traded/NN->NNP     | Options/NNPS Market/NNP .
nge/NNP 's/POS Traded/NNP |    Options/NN->NNPS    | Market/NNP ./.
             And/CC an/DT |     FT-SE/NN->NNP      | futures/NNS contract/NN i
ational/NNP Financial/NNP |   Futures/NNP->NNPS    | Exchange/NNP ./.
DT contracts/NNS have/VBP |    gained/VBD->VBN     | a/DT following/NN since/I
 have/VBP gained/VBN a/DT |    following/JJ->NN    | since/IN the/DT 1987/CD g
verage/JJ number/NN of/IN |     FT-SE/NN->NNP      | option/NN contracts/NNS t
/VBZ surged/VBN nearly/RB |     tenfold/NN->RB     | since/IN the/DT contract/
his/DT year/NN ,/, the/DT |     average/JJ->NN     | of/IN daily/JJ contracts/
 totaled/VBD 9,118/CD ,/, |       up/RB->IN        | from/IN 4,645/CD a/DT yea
    But/CC a/DT survey/NN |      early/JJ->RB      | this/DT summer/NN indicat
IN the/DT volume/NN of/IN | index-options/NN->NNS  | trading/NN was/VBD only/R
e/DT size/NN of/IN the/DT |   underlying/JJ->VBG   | equity/NN market/NN ,/, e
                  This/DT |    compares/NN->VBZ    | with/IN estimates/NNS tha
s/DT compares/VBZ with/IN |   estimates/VBZ->NNS   | that/IN the/DT U.S./NNP `
/IN the/DT U.S./NNP ``/`` |  derivatives/NN->NNS   | ''/'' market/NN is/VBZ pe
haps/RB four/CD times/NNS |       as/IN->RB        | large/JJ as/IN the/DT und
/RB large/JJ as/IN the/DT |   underlying/JJ->VBG   | domestic/JJ market/NN ./.
         The/DT House/NNP |     voted/VBN->VBD     | *-1/-NONE- to/TO boost/VB
 compromise/NN measure/NN |     backed/NN->VBN     | */-NONE- by/IN President/
D after/IN a/DT debate/NN |     replete/NN->JJ     | with/IN complaints/NNS fr
aints/NNS from/IN both/DT |   proponents/NN->NNS   | and/CC critics/NNS of/IN 
of/IN a/DT substantial/JJ |    increase/VB->NN     | in/IN the/DT wage/NN floo
                          |   Advocates/NN->NNS    | said/VBD 0/-NONE- the/DT 
 said/VBD 0/-NONE- the/DT | 90-cent-an-hour/NN->JJ | rise/NN ,/, to/TO $/$ 4.2
for/IN the/DT working/VBG |      poor/JJ->NN       | ,/, while/IN opponents/NN
/VBG poor/NN ,/, while/IN |   opponents/NN->NNS    | argued/VBD that/IN the/DT
/, while/IN opponents/NNS |    argued/VBN->VBD     | that/IN the/DT increase/N
all/JJ business/NN and/CC |      cost/NN->VB       | many/JJ thousands/NNS of/
/CC the/DT legislation/NN |   reflected/NN->VBD    | a/DT compromise/NN agreed
ed/VBD a/DT compromise/NN |    agreed/VBD->VBN     | to/TO */-NONE- on/IN Tues
after/IN congressional/JJ |  Republicans/NN->NNPS  | urged/VBD the/DT White/NN
ouse/NNP *-2/-NONE- to/TO |      bend/NN->VB       | a/DT bit/NN from/IN its/P
istance/NN */-NONE- to/TO |   compromise/NN->VB    | ./.
                          |       So/RB->IN        | both/DT sides/NNS accepte
  So/IN both/DT sides/NNS |   accepted/VBN->VBD    | the/DT compromise/NN ,/, 
mpromise/NN ,/, which/WDT |   *T*-259/NN->-NONE-   | would/MD lead/VB to/TO th
/JJ wage/NN since/IN a/DT |    four-year/NN->JJ    | law/NN was/VBD enacted/VB
ur-year/JJ law/NN was/VBD |    enacted/NN->VBN     | *-163/-NONE- in/IN 1977/C
aw/NN was/VBD enacted/VBN |    *-163/NN->-NONE-    | in/IN 1977/CD ,/, *-163/-
/-NONE- in/IN 1977/CD ,/, |    *-163/NN->-NONE-    | raising/VBG the/DT wage/N
nder/IN the/DT measure/NN |    passed/VBN->VBD     | */-NONE- yesterday/NN ,/,
`` There/EX are/VBP no/DT |     smiles/NN->NNS     | about/IN this/DT bill/NN 
ill/NN ,/, ''/'' Rep./NNP |      Pat/NN->NNP       | Williams/NNP -LRB-/-LRB- 
/, ''/'' Rep./NNP Pat/NNP |    Williams/NN->NNP    | -LRB-/-LRB- D./NNP ,/, Mo
NP -LRB-/-LRB- D./NNP ,/, |      Mont/NN->NNP      | ./. -RRB-/-RRB- said/VBD 
             But/CC ``/`` |     because/RB->IN     | it/PRP 's/VBZ all/DT 0/-N
oing/VBG *-2/-NONE- to/TO |      vote/NN->VB       | for/IN it/PRP ./. ''/''
traditionally/RB been/VBN |     pegged/NN->VBN     | *-164/-NONE- at/IN half/P
ly/RB been/VBN pegged/VBN |    *-164/NN->-NONE-    | at/IN half/PDT the/DT ave
ed/VBN *-164/-NONE- at/IN |      half/DT->PDT      | the/DT average/JJ U.S./NN
CD will/MD still/RB be/VB |     less/RBR->JJR      | than/IN 35/CD %/NN of/IN 
ory/NN pay/NN ,/, Mr./NNP |    Williams/NN->NNP    | said/VBD 0/-NONE- *T*-1/-
          But/CC Rep./NNP |     Marge/NN->NNP      | Roukema/NNP -LRB-/-LRB- R
But/CC Rep./NNP Marge/NNP |    Roukema/NN->NNP     | -LRB-/-LRB- R./NNP ,/, N.
inimum/NN that/IN GOP/NNP | administrations/NN->NNS | have/VBP sought/VBN *T*-1
inistrations/NNS have/VBP |     sought/NN->VBN     | *T*-1/-NONE- for/IN many/
                 */-NONE- |    Adopting/NN->VBG    | a/DT training-wage/JJ pol
/-NONE- Adopting/VBG a/DT |  training-wage/NN->JJ  | policy/NN means/VBZ ``/``
age/NN ,/, ''/'' Mrs./NNP |    Roukema/NN->NNP     | said/VBD 0/-NONE- *T*-1/-
ping/VBG *-1/-NONE- to/TO |      limit/NN->VB      | the/DT loss/NN of/IN jobs
 but/CC they/PRP have/VBP |     lately/NN->RB      | touted/VBN it/PRP as/RB n
ey/PRP have/VBP lately/RB |     touted/NN->VBN     | it/PRP as/RB necessary/JJ
tely/RB touted/VBN it/PRP |       as/IN->RB        | necessary/JJ *-2/-NONE- t
 to/TO help/VB *-3/-NONE- |     impart/NN->VB      | job/NN skills/NNS to/TO e
3/-NONE- impart/VB job/NN |     skills/NN->NNS     | to/TO entrants/NNS into/I
B job/NN skills/NNS to/TO |    entrants/NN->NNS    | into/IN the/DT work/NN fo
abor/NN unions/NNS and/CC |   Democrats/NN->NNPS   | long/RB fought/VBD the/DT
NNS and/CC Democrats/NNPS |      long/JJ->RB       | fought/VBD the/DT idea/NN
CC Democrats/NNPS long/RB |     fought/NN->VBD     | the/DT idea/NN ,/, but/CC
NN ,/, but/CC recently/RB |    acceded/NN->VBD     | to/TO it/PRP in/IN the/DT
     The/DT compromise/NN |     sets/NNS->VBZ      | the/DT training/NN wage/N
                          |   Employers/NN->NNS    | can/MD pay/VB the/DT subm
f/IN job/NN experience/NN |    *NOT*/NN->-NONE-    | ,/, and/CC for/IN another
S if/IN the/DT company/NN |     uses/NNS->VBZ      | a/DT government-certified
 company/NN uses/VBZ a/DT | government-certified/NN->JJ | training/NN program/NN fo
he/DT training/NN wage/NN |     covers/NN->VBZ     | only/JJ workers/NNS who/W
ing/NN wage/NN covers/VBZ |      only/RB->JJ       | workers/NNS who/WP *T*-26
nly/JJ workers/NNS who/WP |   *T*-260/NN->-NONE-   | are/VBP 16/CD to/TO 19/CD
 insisted/VBD on/IN an/DT |  unrestricted/NN->JJ   | six-month/JJ training/NN 
- could/MD be/VB paid/VBN |    *-165/NN->-NONE-    | any/DT time/NN 0/-NONE- a
          The/DT U.S./NNP |    Chamber/NN->NNP     | of/IN Commerce/NNP ,/, *-
91/CD ``/`` will/MD be/VB |   impossible/NN->JJ    | for/IN many/JJ employers/
ossible/JJ for/IN many/JJ |   employers/NN->NNS    | to/TO accommodate/VB and/
                          |     Zenith/NN->NNP     | Data/NNP Systems/NNPS Cor
               Zenith/NNP |      Data/NN->NNP      | Systems/NNPS Corp./NNP ,/
      Zenith/NNP Data/NNP |   Systems/NNP->NNPS    | Corp./NNP ,/, a/DT subsid
 a/DT subsidiary/NN of/IN |     Zenith/NN->NNP     | Electronics/NNP Corp./NNP
diary/NN of/IN Zenith/NNP |  Electronics/NN->NNP   | Corp./NNP ,/, received/VB
/CD million/CD *U*/-NONE- |      Navy/NN->NNP      | contract/NN for/IN softwa
and/CC services/NNS of/IN | microcomputers/NN->NNS | over/IN an/DT 84-month/JJ
mputers/NNS over/IN an/DT |    84-month/NN->JJ     | period/NN ./.
                          |    Rockwell/NN->NNP    | International/NNP Corp./N
/CD million/CD *U*/-NONE- |      Air/NN->NNP       | Force/NNP contract/NN for
ion/CD *U*/-NONE- Air/NNP |     Force/NN->NNP      | contract/NN for/IN AC-130
               Martin/NNP |    Marietta/NN->NNP    | Corp./NNP was/VBD given/V
rp./NNP was/VBD given/VBN |    *-166/NN->-NONE-    | a/DT $/$ 29.9/CD million/
/CD million/CD *U*/-NONE- |      Air/NN->NNP       | Force/NNP contract/NN for
ion/CD *U*/-NONE- Air/NNP |     Force/NN->NNP      | contract/NN for/IN low-al
                          |    Federal/JJ->NNP     | Data/NNP Corp./NNP got/VB
              Federal/NNP |      Data/NN->NNP      | Corp./NNP got/VBD a/DT $/
/CD million/CD *U*/-NONE- |      Air/NN->NNP       | Force/NNP contract/NN for
ion/CD *U*/-NONE- Air/NNP |     Force/NN->NNP      | contract/NN for/IN intell
NN for/IN intelligence/NN |      data/NN->NNS      | handling/NN ./.
S ,/, T./NNP Marshall/NNP |      Hahn/NN->NNP      | Jr./NNP has/VBZ made/VBN 
/NNP Bush/NNP mode/NN :/: |      kind/NN->JJ       | and/CC gentle/JJ ./.
ode/NN :/: kind/JJ and/CC |     gentle/NN->JJ      | ./.
DT question/NN now/RB :/: |       Can/NN->MD       | he/PRP act/VB more/RBR li
P act/VB more/RBR like/IN |  hard-charging/NN->JJ  | Teddy/NNP Roosevelt/NNP ?
 like/IN hard-charging/JJ |     Teddy/NN->NNP      | Roosevelt/NNP ?/.
ard-charging/JJ Teddy/NNP |   Roosevelt/NN->NNP    | ?/.
                  Mr./NNP |      Hahn/NN->NNP      | ,/, the/DT 62-year-old/JJ
./NNP Hahn/NNP ,/, the/DT |   62-year-old/NN->JJ   | chairman/NN and/CC chief/
airman/NN and/CC chief/NN |    executive/NN->JJ    | officer/NN of/IN Georgia-
duct/NN concern/NN 's/POS |   unsolicited/NN->JJ   | $/$ 3.19/CD billion/CD *U
 *U*/-NONE- bid/NN for/IN |     Great/JJ->NNP      | Northern/NNP Nekoosa/NNP 
T offer/NN a/DT public/JJ |      cold/NN->JJ       | shoulder/NN ,/, a/DT reac
ction/NN 0/-NONE- Mr./NNP |      Hahn/NN->NNP      | has/VBZ n't/RB faced/VBN 
P Hahn/NNP has/VBZ n't/RB |     faced/NN->VBN      | *T*-2/-NONE- in/IN his/PR
WDT *T*-3/-NONE- were/VBD |   negotiated/NN->VBN   | *-1/-NONE- behind/IN the/
                          |       So/RB->IN        | far/RB ,/, Mr./NNP Hahn/N
 So/IN far/RB ,/, Mr./NNP |      Hahn/NN->NNP      | is/VBZ trying/VBG *-1/-NO
ying/VBG *-1/-NONE- to/TO |     entice/NN->VB      | Nekoosa/NNP into/IN */-NO
oosa/NNP into/IN */-NONE- |  negotiating/NN->VBG   | a/DT friendly/JJ surrende
IN *-1/-NONE- talking/VBG |      tough/NN->JJ      | ./.
/DT takeover/NN battle/NN |     opens/NN->VBZ      | up/RP the/DT possibility/
er/NN battle/NN opens/VBZ |       up/IN->RP        | the/DT possibility/NN of/
N all/DT 0/-NONE- that/DT |    implies/NN->VBZ     | *T*-1/-NONE- ./.
IN example/NN ,/, Mr./NNP |      Hahn/NN->NNP      | could/MD face/VB the/DT d
               *-2/-NONE- |     Given/NN->VBN      | *-3/-NONE- that/DT choice
ociates/NNS of/IN Mr./NNP |      Hahn/NN->NNP      | and/CC industry/NN observ
hn/NNP and/CC industry/NN |   observers/NN->NNS    | say/VBP 0/-NONE- the/DT f
o/WP *T*-1/-NONE- has/VBZ |   developed/VBD->VBN   | a/DT reputation/NN for/IN
NN for/IN */-NONE- not/RB |   overpaying/NN->VBG   | for/IN anything/NN --/: w
anything/NN --/: would/MD |      fold/NN->VB       | ./.
/'' says/VBZ *T*-2/-NONE- |      A.D./NN->NNP      | Correll/NNP ,/, Georgia-P
VBZ *T*-2/-NONE- A.D./NNP |    Correll/NN->NNP     | ,/, Georgia-Pacific/NNP '
eorgia-Pacific/NNP 's/POS |    executive/NN->JJ    | vice/NN president/NN for/
  Says/VBZ *ICH*-1/-NONE- |    long-time/NN->JJ    | associate/NN Jerry/NNP Gr
JJ associate/NN Jerry/NNP |    Griffin/NN->NNP     | ,/, vice/NN president/NN 
 development/NN ,/, at/IN |      WTD/NN->NNP       | Industries/NNPS Inc./NNP 
ment/NN ,/, at/IN WTD/NNP |  Industries/NNP->NNPS  | Inc./NNP :/: ``/`` He/PRP
 school/NN of/IN */-NONE- |    winning/JJ->VBG     | at/IN any/DT cost/NN ./. 
nsensus/NN manager/NN ,/, |    insiders/NN->NNS    | say/VBP 0/-NONE- *T*-1/-N
N committee/NN signed/VBD |      onto/NN->IN       | the/DT deal/NN --/: even/
to/IN the/DT deal/NN --/: |      even/JJ->RB       | though/IN Mr./NNP Hahn/NN
even/RB though/IN Mr./NNP |      Hahn/NN->NNP      | knew/VBD 0/-NONE- he/PRP 
hough/IN Mr./NNP Hahn/NNP |      knew/NN->VBD      | 0/-NONE- he/PRP wanted/VB
fter/IN the/DT company/NN |      early/JJ->RB      | on/IN ,/, says/VBZ 0/-NON
he/DT company/NN early/RB |       on/RB->IN        | ,/, says/VBZ 0/-NONE- *T*
ONE- *T*-1/-NONE- Mr./NNP |    Correll/NN->NNP     | ./.
                          |  Associates/NNP->NNS   | say/VBP 0/-NONE- Mr./NNP 
 say/VBP 0/-NONE- Mr./NNP |      Hahn/NN->NNP      | picked/VBD up/RP that/DT 
0/-NONE- Mr./NNP Hahn/NNP |     picked/NN->VBD     | up/RP that/DT careful/JJ 
./NNP Hahn/NNP picked/VBD |       up/IN->RP        | that/DT careful/JJ approa
 picked/VBD up/RP that/DT |     careful/NN->JJ     | approach/NN to/TO managem
ent/NN of/IN Virginia/NNP |  Polytechnic/NN->NNP   | Institute/NNP ./.
               *-1/-NONE- |    Assuming/NN->VBG    | that/DT post/NN at/IN the
  *-1/-NONE- Assuming/VBG |      that/WDT->DT      | post/NN at/IN the/DT age/
ONE- Assuming/VBG that/DT |      post/VB->NN       | at/IN the/DT age/NN of/IN
NN of/IN 35/CD ,/, he/PRP |    managed/VBN->VBD    | by/IN consensus/NN ,/, as
/VBZ the/DT rule/NN in/IN |  universities/NN->NNS  | ,/, says/VBZ 0/-NONE- *T*
/-NONE- Warren/NNP H./NNP |    Strother/NN->NNP    | ,/, a/DT university/NN of
ho/WP *T*-2/-NONE- is/VBZ |  researching/NN->VBG   | a/DT book/NN on/IN Mr./NN
/DT book/NN on/IN Mr./NNP |      Hahn/NN->NNP      | ./.
TO take/VB a/DT strong/JJ |      stand/VB->NN      | ./.
In/IN 1970/CD ,/, Mr./NNP |      Hahn/NN->NNP      | called/VBD in/RP state/NN
0/CD ,/, Mr./NNP Hahn/NNP |    called/VBN->VBD     | in/RP state/NN police/NNS
./NNP Hahn/NNP called/VBD |       in/IN->RP        | state/NN police/NNS to/TO
called/VBD in/RP state/NN |     police/NN->NNS     | to/TO arrest/VB student/N
state/NN police/NNS to/TO |     arrest/NN->VB      | student/NN protesters/NNS
o/TO arrest/VB student/NN |   protesters/NN->NNS   | who/WP *T*-3/-NONE- were/
/WP *T*-3/-NONE- were/VBD |   occupying/NN->VBG    | a/DT university/NN buildi
                  That/DT |   impressed/NN->VBN    | Robert/NNP B./NNP Pamplin
sed/VBN Robert/NNP B./NNP |    Pamplin/NN->NNP     | ,/, Georgia-Pacific/NNP '
eorgia-Pacific/NNP 's/POS |      chief/JJ->NN      | executive/JJ at/IN the/DT
cific/NNP 's/POS chief/NN |    executive/NN->JJ    | at/IN the/DT time/NN ,/, 
me/NN ,/, whom/WP Mr./NNP |      Hahn/NN->NNP      | had/VBD met/VBN *T*-4/-NO
 Mr./NNP Hahn/NNP had/VBD |      met/VBD->VBN      | *T*-4/-NONE- while/IN *-1
NONE- while/IN *-1/-NONE- |  fundraising/NN->VBG   | for/IN the/DT institute/N
raising/VBG for/IN the/DT |    institute/VB->NN    | ./.
In/IN 1975/CD ,/, Mr./NNP |    Pamplin/NN->NNP     | enticed/VBD Mr./NNP Hahn/
D ,/, Mr./NNP Pamplin/NNP |    enticed/NN->VBD     | Mr./NNP Hahn/NNP into/IN 
n/NNP enticed/VBD Mr./NNP |      Hahn/NN->NNP      | into/IN */-NONE- joining/
Hahn/NNP into/IN */-NONE- |    joining/NN->VBG     | the/DT company/NN as/IN e
G the/DT company/NN as/IN |    executive/NN->JJ    | vice/NN president/NN in/I
ls/NNS ;/: the/DT move/NN |   befuddled/NN->VBD    | many/JJ in/IN Georgia-Pac
           But/CC Mr./NNP |      Hahn/NN->NNP      | rose/VBD swiftly/RB throu
Mr./NNP Hahn/NNP rose/VBD |     swiftly/NN->RB     | through/IN the/DT ranks/N
 ranks/NNS ,/, *-1/-NONE- | demonstrating/NN->VBG  | a/DT raw/JJ intelligence/
E- demonstrating/VBG a/DT |       raw/NN->JJ       | intelligence/NN that/IN h
 says/VBZ 0/-NONE- he/PRP |      knew/NN->VBD      | 0/-NONE- he/PRP possessed
 knew/VBD 0/-NONE- he/PRP |   possessed/NN->VBD    | *T*-2/-NONE- early/RB on/
 physicist/NN ,/, Mr./NNP |      Hahn/NN->NNP      | skipped/VBD first/JJ grad
t/NN ,/, Mr./NNP Hahn/NNP |    skipped/NN->VBD     | first/JJ grade/NN because
/NNP Hahn/NNP skipped/VBD |      first/RB->JJ      | grade/NN because/IN his/P
 far/RB above/IN his/PRP$ |   classmates/NN->NNS   | ./.
               *-1/-NONE- |     Moving/NN->VBG     | rapidly/RB through/IN sch
h/IN school/NN ,/, he/PRP |   graduated/NN->VBD    | Phi/NNP Beta/NNP Kappa/NN
 ,/, he/PRP graduated/VBD |      Phi/NN->NNP       | Beta/NNP Kappa/NNP from/I
PRP graduated/VBD Phi/NNP |      Beta/NN->NNP      | Kappa/NNP from/IN the/DT 
ated/VBD Phi/NNP Beta/NNP |     Kappa/NN->NNP      | from/IN the/DT University
e/DT University/NNP of/IN |    Kentucky/NN->NNP    | at/IN age/NN 18/CD ,/, af
/CD ,/, after/IN */-NONE- |    spending/NN->VBG    | only/RB 2/CD 1\/2/CD year
                  Mr./NNP |      Hahn/NN->NNP      | agrees/VBZ that/IN he/PRP
he/PRP has/VBZ a/DT ``/`` |    retentive/NN->JJ    | ''/'' memory/NN ,/, but/C
PRP call/VBP it/PRP ``/`` |  photographic/NN->JJ   | ''/'' ./.
                  Mr./NNP |      Hahn/NN->NNP      | also/RB has/VBZ engineere
 Hahn/NNP also/RB has/VBZ |   engineered/NN->VBN   | a/DT surprising/JJ turnar
               *-1/-NONE- |     Taking/NN->VBG     | over/RP as/RB chief/NN ex
    *-1/-NONE- Taking/VBG |      over/IN->RP       | as/RB chief/NN executive/
-NONE- Taking/VBG over/RP |       as/IN->RB        | chief/NN executive/JJ off
 Taking/VBG over/RP as/RB |      chief/JJ->NN      | executive/JJ officer/NN i
BG over/RP as/RB chief/NN |    executive/NN->JJ    | officer/NN in/IN 1983/CD 
 in/IN 1983/CD ,/, he/PRP |   inherited/NN->VBD    | a/DT company/NN that/WDT 
ONE- in/IN debt/NN and/CC |      hurt/VB->VBN      | *-2/-NONE- by/IN a/DT rec
VBN *-2/-NONE- by/IN a/DT | recession-inspired/NN->JJ | slide/NN in/IN its/PRP$ b
J slide/NN in/IN its/PRP$ | building-products/NN->NNS | business/NN ./.
                  Mr./NNP |      Hahn/NN->NNP      | began/VBD *-1/-NONE- sell
BD *-1/-NONE- selling/VBG |    non-core/NN->JJ     | businesses/NNS ,/, such/J
           He/PRP even/RB |     sold/VBN->VBD      | one/CD unit/NN that/WDT *
VBD vinyl/NN checkbook/NN |     covers/NN->NNS     | ./.
/PRP began/VBD *-1/-NONE- |    building/NN->VBG    | up/RP the/DT pulp/NN and/
D *-1/-NONE- building/VBG |       up/IN->RP        | the/DT pulp/NN and/CC pap
N of/IN the/DT company/NN |      while/IN->NN      | *-1/-NONE- refocusing/NN 
n/IN materials/NNS for/IN |    new-home/NN->JJ     | construction/NN ./.
NN was/VBD */-NONE- to/TO |     buffet/NN->VB      | building/NN products/NNS 
g/NN products/NNS from/IN |     cycles/NN->NNS     | in/IN new-home/JJ constru
 from/IN cycles/NNS in/IN |    new-home/NN->JJ     | construction/NN ./.
s/VBZ paid/VBN off/RP ,/, |       so/IN->RB        | far/RB ./.
paid/VBN off/RP ,/, so/RB |       far/IN->RB       | ./.
3/CD ,/, when/WRB Mr./NNP |      Hahn/NN->NNP      | took/VBD the/DT reins/NNS
 Hahn/NNP took/VBD the/DT |     reins/NN->NNS      | *T*-1/-NONE- ./.
BG operations/NNS has/VBZ |    soared/VBD->VBN     | to/TO $/$ 467/CD million/
                  Mr./NNP |      Hahn/NN->NNP      | attributes/VBZ the/DT gai
         Mr./NNP Hahn/NNP |   attributes/NN->VBZ   | the/DT gains/NNS to/TO th
losophy/NN of/IN */-NONE- | concentrating/NN->VBG  | on/IN what/WP a/DT compan
             ``/`` The/DT |     record/JJ->NN      | of/IN companies/NNS that/
WDT *T*-8/-NONE- have/VBP |  diversified/NN->VBN   | is/VBZ n't/RB all/DT that
VBZ n't/RB all/DT that/DT |   impressive/NN->JJ    | ,/, ''/'' he/PRP says/VBZ
d/JJ match/NN ,/, Mr./NNP |      Hahn/NN->NNP      | and/CC many/JJ analysts/N
/JJ companies/NNS with/IN |  high-quality/NN->JJ   | assets/NNS and/CC strong/
 and/CC strong/JJ cash/NN |     flows/NNS->VBZ     | ./.
 be/VB the/DT largest/JJS | forest-products/NN->NNS | concern/NN in/IN the/DT w
    But/CC can/MD Mr./NNP |      Hahn/NN->NNP      | carry/VB it/PRP off/IN ?/
C can/MD Mr./NNP Hahn/NNP |     carry/VBP->VB      | it/PRP off/IN ?/.
 Hahn/NNP carry/VB it/PRP |       off/RP->IN       | ?/.
stance/NN ,/, industry/NN |   observers/NN->NNS    | say/VBP 0/-NONE- *T*-1/-N
entering/VBG uncharted/JJ |     waters/NN->NNS     | ./.
  Says/VBZ *ICH*-1/-NONE- |    Kathryn/NN->NNP     | McAuley/NNP ,/, an/DT ana
ICH*-1/-NONE- Kathryn/NNP |    McAuley/NN->NNP     | ,/, an/DT analyst/NN at/I
N 0/-NONE- he/PRP has/VBZ |     faced/NN->VBN      | *T*-2/-NONE- ./.
                     A/DT |  House-Senate/NN->NNP  | conference/NN approved/VB
/NN approved/VBD major/JJ |    portions/NN->NNS    | of/IN a/DT package/NN for
 aid/NN for/IN Poland/NNP |      that/IN->WDT      | *T*-1/-NONE- relies/VBZ h
NNP that/WDT *T*-1/-NONE- |     relies/NN->VBZ     | heavily/RB on/IN $/$ 240/
 credit/NN and/CC loan/NN |   guarantees/NN->NNS   | in/IN fiscal/JJ 1990/CD i
 hopes/NNS of/IN */-NONE- |  stimulating/NN->VBG   | future/JJ trade/NN and/CC
l/NNP Development/NNP ,/, | appropriators/NN->NNS  | approved/VBD $/$ 200/CD m
n/IN secondary/JJ loan/NN |   guarantees/NN->NNS   | under/IN an/DT expanded/V
antees/NNS under/IN an/DT |   expanded/VBD->VBN    | trade/NN credit/NN insura
/NN program/NN ,/, and/CC |      total/NN->JJ      | loan/NN guarantees/NNS fo
, and/CC total/JJ loan/NN |   guarantees/NN->NNS   | for/IN the/DT Overseas/NN
rantees/NNS for/IN the/DT |    Overseas/NN->NNP    | Private/NNP Investment/NN
or/IN the/DT Overseas/NNP |    Private/JJ->NNP     | Investment/NNP Corp./NNP 
elopment/NN assistance/NN |       as/RB->IN        | well/RB ,/, and/CC though
both/DT sides/NNS are/VBP |   committed/VBD->VBN   | to/TO */-NONE- adding/VBG
S and/CC environmental/JJ |  initiatives/NN->NNS   | sought/VBN */-NONE- by/IN
mental/JJ initiatives/NNS |     sought/NN->VBN     | */-NONE- by/IN the/DT Bus
ement/NN on/IN Poland/NNP |   contrasts/NN->VBZ    | with/IN the/DT major/JJ d
aining/VBG over/IN the/DT |   underlying/JJ->VBG   | foreign/JJ aid/NN bill/NN
-NONE- has/VBZ already/RB |    provoked/NN->VBN    | veto/NN threats/NNS by/IN
 and/CC is/VBZ sharply/RB |    confined/NN->VBN    | under/IN this/DT year/NN 
 factor/NN in/IN */-NONE- |    shaping/NN->VBG     | the/DT Poland/NNP package
ge/NN ,/, and/CC while/IN |     more/JJR->RBR      | ambitious/JJ authorizing/
/IN more/RBR ambitious/JJ |  authorizing/NN->VBG   | legislation/NN is/VBZ sti
RB pending/VBG ,/, the/DT | appropriations/NN->NNS | bill/NN in/IN conference/
nference/NN will/MD be/VB |     more/JJR->RBR      | decisive/JJ on/IN U.S./NN
NN will/MD be/VB more/RBR |    decisive/NN->JJ     | on/IN U.S./NNP aid/NN to/
e/NN ,/, the/DT House/NNP | Appropriations/NN->NNPS | Committee/NNP last/JJ wee
ired/VBN *-1/-NONE- to/TO |   reallocate/NN->VB    | an/DT estimated/VBN $/$ 1
*U*/-NONE- from/IN the/DT |    Pentagon/NN->NNP    | ./.
e/NN of/IN the/DT loan/NN |   guarantees/NN->NNS   | approved/VBN */-NONE- yes
DT loan/NN guarantees/NNS |   approved/VBD->VBN    | */-NONE- yesterday/NN is/
on/IN Poland/NNP came/VBD |       as/RB->IN        | the/DT conference/NN sepa
s/IN the/DT conference/NN |   separately/NN->RB    | approved/VBD $/$ 220/CD m
national/JJ population/NN |    planning/NN->VBG    | activities/NNS ,/, an/DT 
T United/NNP Nations/NNPS |   Population/NN->NNP   | Fund/NNP will/MD receive/
portion/NN of/IN these/DT | appropriations/NN->NNS | ,/, but/CC the/DT size/NN
T second/JJ area/NN of/IN |     common/NN->JJ      | concern/NN ,/, the/DT wor
d/VB a/DT series/NN of/IN |  initiatives/NN->NNS   | ,/, related/VBN both/DT t
of/IN initiatives/NNS ,/, |    related/JJ->VBN     | both/DT to/TO global/JJ w
DT plight/NN of/IN the/DT |     African/NN->JJ     | elephant/NN ./.
                   The/DT |    sweeping/VBG->JJ    | nature/NN of/IN the/DT bi
e/NN of/IN the/DT bill/NN |     draws/NN->VBZ      | a/DT variety/NN of/IN spe
IN special/JJ interest/NN |   amendments/NN->NNS   | ,/, running/VBG from/IN a
o/TO a/DT small/JJ but/CC |   intriguing/NN->JJ    | struggle/NN among/IN suga
       Panama/NNP was/VBD |    stripped/NN->VBN    | *-8/-NONE- of/IN this/DT 
rences/NNS with/IN the/DT |    Noriega/NN->NNP     | regime/NN ,/, but/CC the/
untry/NN would/MD have/VB |   received/VBD->VBN    | a/DT quota/NN of/IN 30,53
of/IN 30,537/CD metric/JJ |      tons/NN->NNS      | over/IN a/DT 21-month/JJ 
/JJ tons/NNS over/IN a/DT |    21-month/NN->JJ     | period/NN ending/VBG Sept
s/VBZ already/RB been/VBN |  reallocated/NN->VBN   | *-9/-NONE- ,/, according/
T remaining/VBG 23,403/CD |      tons/NN->NNS      | are/VBP still/RB a/DT luc
ative/JJ target/NN for/IN |    growers/NN->NNS     | because/IN the/DT current
NS a/DT pound/NN runs/VBZ |       as/IN->RB        | much/JJ as/IN a/DT nickel
ONE- ,/, and/CC House/NNP |    Majority/NN->NNP    | Whip/NNP William/NNP Gray
CC House/NNP Majority/NNP |      Whip/NN->NNP      | William/NNP Gray/NNP -LRB
/NNP Whip/NNP William/NNP |      Gray/NN->NNP      | -LRB-/-LRB- D./NNP ,/, Pa
NP -LRB-/-LRB- D./NNP ,/, |       Pa/NN->NNP       | ./. -RRB-/-RRB- began/VBD
ted/VBN *-10/-NONE- to/TO | English-speaking/NN->JJ | countries/NNS of/IN the/D
ountries/NNS of/IN the/DT |   Caribbean/NN->NNP    | ,/, such/JJ as/IN Jamaica
ean/NNP ,/, such/JJ as/IN |    Jamaica/NN->NNP     | and/CC Barbados/NNP ./.
 as/IN Jamaica/NNP and/CC |    Barbados/NN->NNP    | ./.
ry/NNP Lewis/NNP ,/, a/DT |  conservative/NN->JJ   | Californian/NN ,/, added/
tended/VBN */-NONE- to/TO |     assist/VBP->VB     | Bolivia/NNP ,/, and/CC th
 */-NONE- to/TO assist/VB |    Bolivia/NN->NNP     | ,/, and/CC the/DT Senate/
the/DT Senate/NNP then/RB |   broadened/NN->VBD    | the/DT list/NN further/RB
adened/VBD the/DT list/NN |     further/JJ->RB     | by/IN *-1/-NONE- includin
NNS in/IN the/DT U.S./NNP |   Caribbean/NN->NNP    | Basin/NNP initiate/NN as/
DT U.S./NNP Caribbean/NNP |     Basin/NN->NNP      | initiate/NN as/RB well/RB
ppines/NNP -/: *-1/-NONE- |     backed/NN->VBN     | */-NONE- by/IN the/DT pow
VBN */-NONE- by/IN the/DT |    powerful/NN->JJ     | Hawaii/NNP Democrat/NNP S
 by/IN the/DT powerful/JJ |     Hawaii/NN->NNP     | Democrat/NNP Sen./NNP Dan
t/NNP Sen./NNP Daniel/NNP |     Inouye/NN->NNP     | ./.
                          |    Jamaica/NN->NNP     | ,/, wary/JJ of/IN */-NONE
          Jamaica/NNP ,/, |      wary/NN->JJ       | of/IN */-NONE- upsetting/
/, wary/JJ of/IN */-NONE- |   upsetting/NN->VBG    | its/PRP$ Caribbean/NNP Ba
E- upsetting/VBG its/PRP$ |   Caribbean/NN->NNP    | Basin/NNP allies/NNS ,/, 
BG its/PRP$ Caribbean/NNP |     Basin/NN->NNP      | allies/NNS ,/, has/VBZ ap
$ Caribbean/NNP Basin/NNP |     allies/NN->NNS     | ,/, has/VBZ apparently/RB
,/, has/VBZ apparently/RB |   instructed/NN->VBN   | its/PRP$ lobbyist/NN *-2/
byist/NN *-2/-NONE- to/TO |     abandon/NN->VB     | the/DT provision/NN initi
provision/NN initially/RB |    drafted/NN->VBN     | */-NONE- by/IN Mr./NNP Gr
BN */-NONE- by/IN Mr./NNP |      Gray/NN->NNP      | ,/, but/CC the/DT greater
is/VBZ whether/IN Mr./NNP |     Inouye/NN->NNP     | ,/, who/WP *T*-10/-NONE- 
 able/JJ *-3/-NONE- to/TO |     insert/NN->VB      | a/DT claim/NN by/IN the/D
/DT claim/NN by/IN the/DT | Philippines/NNP->NNPS  | ./.
n/NN ,/, the/DT House/NNP |     waived/NN->VBD     | budget/NN restrictions/NN
llion/CD *U*/-NONE- in/IN |  supplemental/NN->JJ   | appropriations/NNS for/IN
NE- in/IN supplemental/JJ | appropriations/NN->NNS | for/IN law/NN enforcement
/NN enforcement/NN and/CC |    anti-drug/NN->JJ    | programs/NNS in/IN fiscal
 The/DT funding/NN is/VBZ |   attached/VBD->VBN    | *-11/-NONE- to/TO an/DT e
NP domestic/JJ airline/NN |    flights/NN->NNS     | ./.
nate/NNP has/VBZ been/VBN |       as/IN->RB        | likely/JJ *-3/-NONE- to/T
ikely/JJ *-3/-NONE- to/TO |     bounce/NN->VB      | bills/NNS back/RB to/TO t
to/TO bounce/VB bills/NNS |      back/RP->RB       | to/TO the/DT House/NNP ./
fiscal/JJ 1990/CD bill/NN |    funding/NN->VBG     | the/DT State/NNP ,/, Just
e/NNP and/CC Commerce/NNP |  departments/NN->NNS   | ./.
DT Senate/NNP Foreign/NNP |   Relations/NNS->NNP   | Committee/NNP ,/, appropr
ons/NNP Committee/NNP ,/, | appropriators/NN->NNS  | from/IN both/DT houses/NN
VB forced/VBN *-12/-NONE- |      back/RP->RB       | to/TO conference/NN ./.
                Beauty/NN |     Takes/NN->VBZ      | Backseat/NN To/TO Safety/
kes/VBZ Backseat/NN To/TO |     Safety/NN->NNP     | on/IN Bridges/NNPS
NN To/TO Safety/NNP on/IN |    Bridges/NN->NNPS    | 
              EVERYONE/NN |     AGREES/NN->VBZ     | that/IN most/JJS of/IN th
   EVERYONE/NN AGREES/VBZ |      that/WDT->IN      | most/JJS of/IN the/DT nat
T nation/NN 's/POS old/JJ |    bridges/NN->NNS     | need/VBP *-1/-NONE- to/TO
BP *-1/-NONE- to/TO be/VB |    repaired/NN->VBN    | or/CC replaced/VBN *-13/-
                          |    Highway/NNP->NN     | officials/NNS insist/VBP 
nsist/VBP 0/-NONE- the/DT |   ornamental/NN->JJ    | railings/NNS on/IN older/
ONE- the/DT ornamental/JJ |    railings/NN->NNS    | on/IN older/JJR bridges/N
lings/NNS on/IN older/JJR |    bridges/NN->NNS     | are/VBP n't/RB strong/JJ 
cles/NNS from/IN */-NONE- |    crashing/NN->VBG    | through/IN ./.
 want/VB *-1/-NONE- to/TO |      lose/NN->VB       | the/DT bridges/NNS '/POS 
ONE- to/TO lose/VB the/DT |    bridges/NN->NNS     | '/POS beautiful/JJ ,/, so
ose/VB the/DT bridges/NNS |       '/''->POS        | beautiful/JJ ,/, sometime
/RB to/TO provide/VB a/DT |     scenic/NN->JJ      | view/NN ,/, ''/'' says/VB
 He/PRP and/CC others/NNS |     prefer/NN->VBP     | *-1/-NONE- to/TO install/
efer/VBP *-1/-NONE- to/TO |     install/NN->VB     | railings/NNS such/JJ as/I
1/-NONE- to/TO install/VB |    railings/NN->NNS    | such/JJ as/IN the/DT ``/`
N shape/NN ,/, ''/'' a/DT | four-foot-high/NN->JJ  | concrete/JJ slab/NN with/
'' a/DT four-foot-high/JJ |    concrete/NN->JJ     | slab/NN with/IN no/DT ope
/JJ slab/NN with/IN no/DT |    openings/NN->NNS    | ./.
   In/IN Richmond/NNP ,/, |      Ind./NN->NNP      | ,/, the/DT type/NN F/NN r
2/-NONE- to/TO replace/VB |     arched/NN->JJ      | openings/NNS on/IN the/DT
o/TO replace/VB arched/JJ |    openings/NN->NNS    | on/IN the/DT G/NNP Street
openings/NNS on/IN the/DT |       G/NN->NNP        | Street/NNP Bridge/NNP ./.
N the/DT G/NNP Street/NNP |     Bridge/NN->NNP     | ./.
                          |     Garret/NN->NNP     | Boone/NNP ,/, who/WP *T*-
 ,/, who/WP *T*-11/-NONE- |    teaches/NN->VBZ     | art/NN at/IN Earlham/NNP 
 teaches/VBZ art/NN at/IN |    Earlham/NN->NNP     | College/NNP ,/, calls/VBZ
re/NN ``/`` just/RB an/DT |      ugly/NN->JJ       | bridge/NN ''/'' and/CC on
ge/NN ''/'' and/CC one/CD |      that/IN->WDT      | *T*-1/-NONE- blocks/VBZ t
/CD that/WDT *T*-1/-NONE- |    blocks/NNS->VBZ     | the/DT view/NN of/IN a/DT
 ,/, Conn./NNP ,/, the/DT |    Charter/NN->NNP     | Oak/NNP Bridge/NNP will/M
NP ,/, the/DT Charter/NNP |      Oak/NN->NNP       | Bridge/NNP will/MD soon/R
he/DT Charter/NNP Oak/NNP |     Bridge/NN->NNP     | will/MD soon/RB be/VB rep
BN *-14/-NONE- ,/, the/DT |    cast-iron/NN->JJ    | medallions/NNS from/IN it
- ,/, the/DT cast-iron/JJ |   medallions/NN->NNS   | from/IN its/PRP$ railings
ions/NNS from/IN its/PRP$ |    railings/NN->NNS    | relegated/VBN to/TO a/DT 
                          |  Compromises/NN->NNS   | are/VBP possible/JJ ./.
                          |    Citizens/NN->NNS    | in/IN Peninsula/NNP ,/, O
       Citizens/NNS in/IN |   Peninsula/NN->NNP    | ,/, Ohio/NNP ,/, *-1/-NON
, Ohio/NNP ,/, *-1/-NONE- |     upset/NN->VBN      | over/IN changes/NNS to/TO
 to/TO a/DT bridge/NN ,/, |   negotiated/NN->VBD   | a/DT deal/NN :/: The/DT b
T old/JJ bridge/NN 's/POS |     floral/NN->JJ      | pattern/NN ./.
                          |    Similarly/NN->RB    | ,/, highway/NN engineers/
/TO keep/VB the/DT old/JJ |    railings/NN->NNS    | on/IN the/DT Key/NNP Brid
/NNS on/IN the/DT Key/NNP |     Bridge/NN->NNP     | in/IN Washington/NNP ,/, 
gton/NNP ,/, D.C./NNP ,/, |       as/IN->RB        | long/RB as/IN they/PRP co
NP ,/, D.C./NNP ,/, as/RB |      long/JJ->RB       | as/IN they/PRP could/MD i
B as/IN they/PRP could/MD |     install/NN->VB     | a/DT crash/JJ barrier/NN 
 could/MD install/VB a/DT |      crash/NN->JJ      | barrier/NN between/IN the
                          |      Tray/NN->NNP      | Bon/NNP ?/.
                 Tray/NNP |      Bon/NN->NNP       | ?/.
      Drink/NN Carrier/NN |    Competes/NN->VBZ    | With/IN Cartons/NNS
r/NN Competes/VBZ With/IN |    Cartons/NN->NNS     | 
                 */-NONE- |    PORTING/NN->VBG     | POTABLES/NNS just/RB got/
     */-NONE- PORTING/VBG |    POTABLES/NN->NNS    | just/RB got/VBD easier/JJ
asier/JJR ,/, or/CC so/RB |    claims/NNS->VBZ     | Scypher/NNP Corp./NNP ,/,
/, or/CC so/RB claims/VBZ |    Scypher/NN->NNP     | Corp./NNP ,/, the/DT make
/DT maker/NN of/IN the/DT |    Cup-Tote/NN->NNP    | ./.
